nohup: ignoring input
Scanning directory for 228 homes...
Loaded 228 valid homes.
Scanning directory for 26 homes...
Loaded 26 valid homes.
Epoch 0 | Train Loss: 414.3343 | Val Loss: 82.4567
Validation loss decreased (inf --> 82.456749).  Saving model ...
Epoch 1 | Train Loss: 27.6685 | Val Loss: 9.9206
Validation loss decreased (82.456749 --> 9.920642).  Saving model ...
Epoch 2 | Train Loss: 7.0492 | Val Loss: 5.3939
Validation loss decreased (9.920642 --> 5.393902).  Saving model ...
Epoch 3 | Train Loss: 4.8659 | Val Loss: 4.2421
Validation loss decreased (5.393902 --> 4.242092).  Saving model ...
Epoch 4 | Train Loss: 4.1207 | Val Loss: 4.1162
Validation loss decreased (4.242092 --> 4.116244).  Saving model ...
Epoch 5 | Train Loss: 4.2232 | Val Loss: 3.9696
Validation loss decreased (4.116244 --> 3.969629).  Saving model ...
Epoch 6 | Train Loss: 3.9060 | Val Loss: 3.8580
Validation loss decreased (3.969629 --> 3.858034).  Saving model ...
Epoch 7 | Train Loss: 3.9446 | Val Loss: 3.8275
Validation loss decreased (3.858034 --> 3.827480).  Saving model ...
Epoch 8 | Train Loss: 3.9225 | Val Loss: 3.8345
EarlyStopping counter: 1 out of 50
Epoch 9 | Train Loss: 3.8025 | Val Loss: 3.8132
Validation loss decreased (3.827480 --> 3.813161).  Saving model ...
Epoch 10 | Train Loss: 3.8062 | Val Loss: 3.7643
Validation loss decreased (3.813161 --> 3.764281).  Saving model ...
Epoch 11 | Train Loss: 3.8675 | Val Loss: 3.6206
Validation loss decreased (3.764281 --> 3.620620).  Saving model ...
Epoch 12 | Train Loss: 3.7515 | Val Loss: 3.7180
EarlyStopping counter: 1 out of 50
Epoch 13 | Train Loss: 3.8445 | Val Loss: 3.6838
EarlyStopping counter: 2 out of 50
Epoch 14 | Train Loss: 3.9006 | Val Loss: 3.6866
EarlyStopping counter: 3 out of 50
Epoch 15 | Train Loss: 3.6092 | Val Loss: 3.6770
EarlyStopping counter: 4 out of 50
Epoch 16 | Train Loss: 3.6933 | Val Loss: 3.6913
EarlyStopping counter: 5 out of 50
Epoch 17 | Train Loss: 3.6985 | Val Loss: 3.6773
EarlyStopping counter: 6 out of 50
Epoch 18 | Train Loss: 3.5604 | Val Loss: 3.6919
EarlyStopping counter: 7 out of 50
Epoch 19 | Train Loss: 3.6491 | Val Loss: 3.5418
Validation loss decreased (3.620620 --> 3.541802).  Saving model ...
Epoch 20 | Train Loss: 3.6798 | Val Loss: 3.6185
EarlyStopping counter: 1 out of 50
Epoch 21 | Train Loss: 3.6530 | Val Loss: 3.6693
EarlyStopping counter: 2 out of 50
Epoch 22 | Train Loss: 3.7783 | Val Loss: 3.6656
EarlyStopping counter: 3 out of 50
Epoch 23 | Train Loss: 3.7470 | Val Loss: 3.6649
EarlyStopping counter: 4 out of 50
Epoch 24 | Train Loss: 3.8114 | Val Loss: 3.6782
EarlyStopping counter: 5 out of 50
Epoch 25 | Train Loss: 3.6370 | Val Loss: 3.6275
EarlyStopping counter: 6 out of 50
Epoch 26 | Train Loss: 3.7281 | Val Loss: 3.6196
EarlyStopping counter: 7 out of 50
Epoch 27 | Train Loss: 3.5811 | Val Loss: 3.5844
EarlyStopping counter: 8 out of 50
Epoch 28 | Train Loss: 3.5654 | Val Loss: 3.5598
EarlyStopping counter: 9 out of 50
Epoch 29 | Train Loss: 3.4749 | Val Loss: 3.5781
EarlyStopping counter: 10 out of 50
Epoch 30 | Train Loss: 3.3853 | Val Loss: 3.4970
Validation loss decreased (3.541802 --> 3.497004).  Saving model ...
Epoch 31 | Train Loss: 3.4356 | Val Loss: 3.4489
Validation loss decreased (3.497004 --> 3.448903).  Saving model ...
Epoch 32 | Train Loss: 3.4029 | Val Loss: 3.3978
Validation loss decreased (3.448903 --> 3.397782).  Saving model ...
Epoch 33 | Train Loss: 3.4827 | Val Loss: 3.4495
EarlyStopping counter: 1 out of 50
Epoch 34 | Train Loss: 3.4906 | Val Loss: 3.4984
EarlyStopping counter: 2 out of 50
Epoch 35 | Train Loss: 3.6354 | Val Loss: 3.3431
Validation loss decreased (3.397782 --> 3.343119).  Saving model ...
Epoch 36 | Train Loss: 3.5364 | Val Loss: 3.3313
Validation loss decreased (3.343119 --> 3.331283).  Saving model ...
Epoch 37 | Train Loss: 3.3842 | Val Loss: 3.4103
EarlyStopping counter: 1 out of 50
Epoch 38 | Train Loss: 3.3931 | Val Loss: 3.4683
EarlyStopping counter: 2 out of 50
Epoch 39 | Train Loss: 3.2763 | Val Loss: 3.3217
Validation loss decreased (3.331283 --> 3.321669).  Saving model ...
Epoch 40 | Train Loss: 3.4072 | Val Loss: 3.3717
EarlyStopping counter: 1 out of 50
Epoch 41 | Train Loss: 3.3440 | Val Loss: 3.3912
EarlyStopping counter: 2 out of 50
Epoch 42 | Train Loss: 3.1525 | Val Loss: 3.3569
EarlyStopping counter: 3 out of 50
Epoch 43 | Train Loss: 3.2383 | Val Loss: 3.3220
EarlyStopping counter: 4 out of 50
Epoch 44 | Train Loss: 3.4023 | Val Loss: 3.3424
EarlyStopping counter: 5 out of 50
Epoch 45 | Train Loss: 3.3085 | Val Loss: 3.3942
EarlyStopping counter: 6 out of 50
Epoch 46 | Train Loss: 3.4329 | Val Loss: 3.2962
Validation loss decreased (3.321669 --> 3.296237).  Saving model ...
Epoch 47 | Train Loss: 3.1550 | Val Loss: 3.3474
EarlyStopping counter: 1 out of 50
Epoch 48 | Train Loss: 3.3160 | Val Loss: 3.2743
Validation loss decreased (3.296237 --> 3.274318).  Saving model ...
Epoch 49 | Train Loss: 3.2560 | Val Loss: 3.3012
EarlyStopping counter: 1 out of 50
Epoch 50 | Train Loss: 3.2704 | Val Loss: 3.3856
EarlyStopping counter: 2 out of 50
Epoch 51 | Train Loss: 3.1703 | Val Loss: 3.3493
EarlyStopping counter: 3 out of 50
Epoch 52 | Train Loss: 3.2834 | Val Loss: 3.3981
EarlyStopping counter: 4 out of 50
Epoch 53 | Train Loss: 3.4121 | Val Loss: 3.2899
EarlyStopping counter: 5 out of 50
Epoch 54 | Train Loss: 3.2340 | Val Loss: 3.3267
EarlyStopping counter: 6 out of 50
Epoch 55 | Train Loss: 3.2362 | Val Loss: 3.3434
EarlyStopping counter: 7 out of 50
Epoch 56 | Train Loss: 3.1861 | Val Loss: 3.3584
EarlyStopping counter: 8 out of 50
Epoch 57 | Train Loss: 3.1326 | Val Loss: 3.3367
EarlyStopping counter: 9 out of 50
Epoch 58 | Train Loss: 3.3385 | Val Loss: 3.3407
EarlyStopping counter: 10 out of 50
Epoch 59 | Train Loss: 3.2119 | Val Loss: 3.2540
Validation loss decreased (3.274318 --> 3.254023).  Saving model ...
Epoch 60 | Train Loss: 3.1354 | Val Loss: 3.3248
EarlyStopping counter: 1 out of 50
Epoch 61 | Train Loss: 3.2436 | Val Loss: 3.3914
EarlyStopping counter: 2 out of 50
Epoch 62 | Train Loss: 3.1718 | Val Loss: 3.2633
EarlyStopping counter: 3 out of 50
Epoch 63 | Train Loss: 3.3474 | Val Loss: 3.3142
EarlyStopping counter: 4 out of 50
Epoch 64 | Train Loss: 3.3594 | Val Loss: 3.2949
EarlyStopping counter: 5 out of 50
Epoch 65 | Train Loss: 3.3643 | Val Loss: 3.2914
EarlyStopping counter: 6 out of 50
Epoch 66 | Train Loss: 3.2016 | Val Loss: 3.3656
EarlyStopping counter: 7 out of 50
Epoch 67 | Train Loss: 3.2639 | Val Loss: 3.2175
Validation loss decreased (3.254023 --> 3.217464).  Saving model ...
Epoch 68 | Train Loss: 3.0921 | Val Loss: 3.3583
EarlyStopping counter: 1 out of 50
Epoch 69 | Train Loss: 3.3220 | Val Loss: 3.2860
EarlyStopping counter: 2 out of 50
Epoch 70 | Train Loss: 3.3141 | Val Loss: 3.3227
EarlyStopping counter: 3 out of 50
Epoch 71 | Train Loss: 3.1925 | Val Loss: 3.2601
EarlyStopping counter: 4 out of 50
Epoch 72 | Train Loss: 3.1661 | Val Loss: 3.3615
EarlyStopping counter: 5 out of 50
Epoch 73 | Train Loss: 3.1823 | Val Loss: 3.2878
EarlyStopping counter: 6 out of 50
Epoch 74 | Train Loss: 3.1097 | Val Loss: 3.1998
Validation loss decreased (3.217464 --> 3.199834).  Saving model ...
Epoch 75 | Train Loss: 3.2884 | Val Loss: 3.1695
Validation loss decreased (3.199834 --> 3.169536).  Saving model ...
Epoch 76 | Train Loss: 3.2887 | Val Loss: 3.2987
EarlyStopping counter: 1 out of 50
Epoch 77 | Train Loss: 3.0225 | Val Loss: 3.2280
EarlyStopping counter: 2 out of 50
Epoch 78 | Train Loss: 3.3598 | Val Loss: 3.2649
EarlyStopping counter: 3 out of 50
Epoch 79 | Train Loss: 3.1258 | Val Loss: 3.2156
EarlyStopping counter: 4 out of 50
Epoch 80 | Train Loss: 3.1312 | Val Loss: 3.2653
EarlyStopping counter: 5 out of 50
Epoch 81 | Train Loss: 3.1784 | Val Loss: 3.2129
EarlyStopping counter: 6 out of 50
Epoch 82 | Train Loss: 3.2053 | Val Loss: 3.2233
EarlyStopping counter: 7 out of 50
Epoch 83 | Train Loss: 3.2297 | Val Loss: 3.2788
EarlyStopping counter: 8 out of 50
Epoch 84 | Train Loss: 3.2538 | Val Loss: 3.2824
EarlyStopping counter: 9 out of 50
Epoch 85 | Train Loss: 3.0889 | Val Loss: 3.3146
EarlyStopping counter: 10 out of 50
Epoch 86 | Train Loss: 3.0706 | Val Loss: 3.1243
Validation loss decreased (3.169536 --> 3.124283).  Saving model ...
Epoch 87 | Train Loss: 3.0943 | Val Loss: 3.2582
EarlyStopping counter: 1 out of 50
Epoch 88 | Train Loss: 3.1149 | Val Loss: 3.2582
EarlyStopping counter: 2 out of 50
Epoch 89 | Train Loss: 3.1888 | Val Loss: 3.2725
EarlyStopping counter: 3 out of 50
Epoch 90 | Train Loss: 3.3457 | Val Loss: 3.2919
EarlyStopping counter: 4 out of 50
Epoch 91 | Train Loss: 3.2263 | Val Loss: 3.1730
EarlyStopping counter: 5 out of 50
Epoch 92 | Train Loss: 3.1227 | Val Loss: 3.2294
EarlyStopping counter: 6 out of 50
Epoch 93 | Train Loss: 3.1455 | Val Loss: 3.1306
EarlyStopping counter: 7 out of 50
Epoch 94 | Train Loss: 2.9046 | Val Loss: 3.2306
EarlyStopping counter: 8 out of 50
Epoch 95 | Train Loss: 3.2536 | Val Loss: 3.1660
EarlyStopping counter: 9 out of 50
Epoch 96 | Train Loss: 2.9024 | Val Loss: 3.2453
EarlyStopping counter: 10 out of 50
Epoch 97 | Train Loss: 3.1198 | Val Loss: 3.2026
EarlyStopping counter: 11 out of 50
Epoch 98 | Train Loss: 3.0233 | Val Loss: 3.2067
EarlyStopping counter: 12 out of 50
Epoch 99 | Train Loss: 3.1902 | Val Loss: 3.2915
EarlyStopping counter: 13 out of 50
Epoch 100 | Train Loss: 3.2559 | Val Loss: 3.1292
EarlyStopping counter: 14 out of 50
Epoch 101 | Train Loss: 3.0571 | Val Loss: 3.2173
EarlyStopping counter: 15 out of 50
Epoch 102 | Train Loss: 3.2383 | Val Loss: 3.2383
EarlyStopping counter: 16 out of 50
Epoch 103 | Train Loss: 2.9746 | Val Loss: 3.0907
Validation loss decreased (3.124283 --> 3.090652).  Saving model ...
Epoch 104 | Train Loss: 3.0927 | Val Loss: 3.1788
EarlyStopping counter: 1 out of 50
Epoch 105 | Train Loss: 3.0147 | Val Loss: 3.1121
EarlyStopping counter: 2 out of 50
Epoch 106 | Train Loss: 3.2190 | Val Loss: 3.2156
EarlyStopping counter: 3 out of 50
Epoch 107 | Train Loss: 3.1699 | Val Loss: 3.1171
EarlyStopping counter: 4 out of 50
Epoch 108 | Train Loss: 2.9506 | Val Loss: 2.9831
Validation loss decreased (3.090652 --> 2.983127).  Saving model ...
Epoch 109 | Train Loss: 2.9228 | Val Loss: 3.1450
EarlyStopping counter: 1 out of 50
Epoch 110 | Train Loss: 3.0537 | Val Loss: 3.0418
EarlyStopping counter: 2 out of 50
Epoch 111 | Train Loss: 3.3130 | Val Loss: 3.2061
EarlyStopping counter: 3 out of 50
Epoch 112 | Train Loss: 2.8067 | Val Loss: 3.0988
EarlyStopping counter: 4 out of 50
Epoch 113 | Train Loss: 3.0386 | Val Loss: 3.1523
EarlyStopping counter: 5 out of 50
Epoch 114 | Train Loss: 3.2340 | Val Loss: 3.1995
EarlyStopping counter: 6 out of 50
Epoch 115 | Train Loss: 3.1193 | Val Loss: 3.1030
EarlyStopping counter: 7 out of 50
Epoch 116 | Train Loss: 3.0775 | Val Loss: 3.2427
EarlyStopping counter: 8 out of 50
Epoch 117 | Train Loss: 3.0640 | Val Loss: 3.1934
EarlyStopping counter: 9 out of 50
Epoch 118 | Train Loss: 3.0607 | Val Loss: 3.1197
EarlyStopping counter: 10 out of 50
Epoch 119 | Train Loss: 2.7230 | Val Loss: 3.2031
EarlyStopping counter: 11 out of 50
Epoch 120 | Train Loss: 3.1890 | Val Loss: 3.1515
EarlyStopping counter: 12 out of 50
Epoch 121 | Train Loss: 3.0464 | Val Loss: 3.1702
EarlyStopping counter: 13 out of 50
Epoch 122 | Train Loss: 3.1617 | Val Loss: 3.1874
EarlyStopping counter: 14 out of 50
Epoch 123 | Train Loss: 3.0330 | Val Loss: 3.0146
EarlyStopping counter: 15 out of 50
Epoch 124 | Train Loss: 3.1261 | Val Loss: 3.2137
EarlyStopping counter: 16 out of 50
Epoch 125 | Train Loss: 3.0765 | Val Loss: 3.1152
EarlyStopping counter: 17 out of 50
Epoch 126 | Train Loss: 2.9169 | Val Loss: 3.1048
EarlyStopping counter: 18 out of 50
Epoch 127 | Train Loss: 3.1912 | Val Loss: 3.1664
EarlyStopping counter: 19 out of 50
Epoch 128 | Train Loss: 2.9157 | Val Loss: 3.1305
EarlyStopping counter: 20 out of 50
Epoch 129 | Train Loss: 3.0463 | Val Loss: 3.1024
EarlyStopping counter: 21 out of 50
Epoch 130 | Train Loss: 3.0655 | Val Loss: 3.2043
EarlyStopping counter: 22 out of 50
Epoch 131 | Train Loss: 3.0001 | Val Loss: 3.1312
EarlyStopping counter: 23 out of 50
Epoch 132 | Train Loss: 3.0405 | Val Loss: 3.1308
EarlyStopping counter: 24 out of 50
Epoch 133 | Train Loss: 3.0183 | Val Loss: 3.1910
EarlyStopping counter: 25 out of 50
Epoch 134 | Train Loss: 3.0062 | Val Loss: 3.1491
EarlyStopping counter: 26 out of 50
Epoch 135 | Train Loss: 2.9302 | Val Loss: 3.0764
EarlyStopping counter: 27 out of 50
Epoch 136 | Train Loss: 3.2347 | Val Loss: 3.1438
EarlyStopping counter: 28 out of 50
Epoch 137 | Train Loss: 3.0854 | Val Loss: 3.1206
EarlyStopping counter: 29 out of 50
Epoch 138 | Train Loss: 2.8793 | Val Loss: 3.1169
EarlyStopping counter: 30 out of 50
Epoch 139 | Train Loss: 3.0060 | Val Loss: 3.1448
EarlyStopping counter: 31 out of 50
Epoch 140 | Train Loss: 2.9241 | Val Loss: 3.0086
EarlyStopping counter: 32 out of 50
Epoch 141 | Train Loss: 2.9598 | Val Loss: 3.0172
EarlyStopping counter: 33 out of 50
Epoch 142 | Train Loss: 3.2018 | Val Loss: 3.2137
EarlyStopping counter: 34 out of 50
Epoch 143 | Train Loss: 2.9724 | Val Loss: 3.1012
EarlyStopping counter: 35 out of 50
Epoch 144 | Train Loss: 3.1133 | Val Loss: 3.0761
EarlyStopping counter: 36 out of 50
Epoch 145 | Train Loss: 2.9185 | Val Loss: 3.0833
EarlyStopping counter: 37 out of 50
Epoch 146 | Train Loss: 3.0688 | Val Loss: 3.1399
EarlyStopping counter: 38 out of 50
Epoch 147 | Train Loss: 2.9648 | Val Loss: 2.9643
Validation loss decreased (2.983127 --> 2.964260).  Saving model ...
Epoch 148 | Train Loss: 3.1045 | Val Loss: 3.1989
EarlyStopping counter: 1 out of 50
Epoch 149 | Train Loss: 2.9788 | Val Loss: 3.1276
EarlyStopping counter: 2 out of 50
Epoch 150 | Train Loss: 2.9535 | Val Loss: 3.1060
EarlyStopping counter: 3 out of 50
Epoch 151 | Train Loss: 3.1010 | Val Loss: 3.0566
EarlyStopping counter: 4 out of 50
Epoch 152 | Train Loss: 2.8703 | Val Loss: 3.1628
EarlyStopping counter: 5 out of 50
Epoch 153 | Train Loss: 2.9590 | Val Loss: 3.1302
EarlyStopping counter: 6 out of 50
Epoch 154 | Train Loss: 3.1886 | Val Loss: 3.0279
EarlyStopping counter: 7 out of 50
Epoch 155 | Train Loss: 2.8924 | Val Loss: 3.1221
EarlyStopping counter: 8 out of 50
Epoch 156 | Train Loss: 2.7429 | Val Loss: 3.1678
EarlyStopping counter: 9 out of 50
Epoch 157 | Train Loss: 3.0795 | Val Loss: 3.0755
EarlyStopping counter: 10 out of 50
Epoch 158 | Train Loss: 3.1398 | Val Loss: 3.0547
EarlyStopping counter: 11 out of 50
Epoch 159 | Train Loss: 3.0795 | Val Loss: 3.0982
EarlyStopping counter: 12 out of 50
Epoch 160 | Train Loss: 3.0579 | Val Loss: 3.1213
EarlyStopping counter: 13 out of 50
Epoch 161 | Train Loss: 3.0596 | Val Loss: 3.2073
EarlyStopping counter: 14 out of 50
Epoch 162 | Train Loss: 3.1443 | Val Loss: 3.0848
EarlyStopping counter: 15 out of 50
Epoch 163 | Train Loss: 3.0415 | Val Loss: 3.1647
EarlyStopping counter: 16 out of 50
Epoch 164 | Train Loss: 2.9816 | Val Loss: 3.1860
EarlyStopping counter: 17 out of 50
Epoch 165 | Train Loss: 2.9218 | Val Loss: 3.1366
EarlyStopping counter: 18 out of 50
Epoch 166 | Train Loss: 3.0461 | Val Loss: 3.1018
EarlyStopping counter: 19 out of 50
Epoch 167 | Train Loss: 3.2538 | Val Loss: 3.1220
EarlyStopping counter: 20 out of 50
Epoch 168 | Train Loss: 3.0881 | Val Loss: 3.0516
EarlyStopping counter: 21 out of 50
Epoch 169 | Train Loss: 2.9152 | Val Loss: 2.9242
Validation loss decreased (2.964260 --> 2.924165).  Saving model ...
Epoch 170 | Train Loss: 2.9430 | Val Loss: 3.0655
EarlyStopping counter: 1 out of 50
Epoch 171 | Train Loss: 2.9259 | Val Loss: 3.0690
EarlyStopping counter: 2 out of 50
Epoch 172 | Train Loss: 3.0979 | Val Loss: 3.0680
EarlyStopping counter: 3 out of 50
Epoch 173 | Train Loss: 3.2141 | Val Loss: 3.0220
EarlyStopping counter: 4 out of 50
Epoch 174 | Train Loss: 2.8874 | Val Loss: 3.0723
EarlyStopping counter: 5 out of 50
Epoch 175 | Train Loss: 3.0326 | Val Loss: 3.1566
EarlyStopping counter: 6 out of 50
Epoch 176 | Train Loss: 2.8340 | Val Loss: 3.1111
EarlyStopping counter: 7 out of 50
Epoch 177 | Train Loss: 2.9766 | Val Loss: 3.0295
EarlyStopping counter: 8 out of 50
Epoch 178 | Train Loss: 2.7742 | Val Loss: 3.1076
EarlyStopping counter: 9 out of 50
Epoch 179 | Train Loss: 3.1832 | Val Loss: 3.0382
EarlyStopping counter: 10 out of 50
Epoch 180 | Train Loss: 3.2129 | Val Loss: 3.1028
EarlyStopping counter: 11 out of 50
Epoch 181 | Train Loss: 3.1100 | Val Loss: 3.1472
EarlyStopping counter: 12 out of 50
Epoch 182 | Train Loss: 3.0120 | Val Loss: 3.0800
EarlyStopping counter: 13 out of 50
Epoch 183 | Train Loss: 3.1041 | Val Loss: 2.9544
EarlyStopping counter: 14 out of 50
Epoch 184 | Train Loss: 3.1151 | Val Loss: 3.0622
EarlyStopping counter: 15 out of 50
Epoch 185 | Train Loss: 3.0862 | Val Loss: 3.0293
EarlyStopping counter: 16 out of 50
Epoch 186 | Train Loss: 2.8532 | Val Loss: 3.0704
EarlyStopping counter: 17 out of 50
Epoch 187 | Train Loss: 3.1037 | Val Loss: 3.0881
EarlyStopping counter: 18 out of 50
Epoch 188 | Train Loss: 3.0909 | Val Loss: 3.1726
EarlyStopping counter: 19 out of 50
Epoch 189 | Train Loss: 3.0952 | Val Loss: 2.9608
EarlyStopping counter: 20 out of 50
Epoch 190 | Train Loss: 3.0726 | Val Loss: 3.1608
EarlyStopping counter: 21 out of 50
Epoch 191 | Train Loss: 3.2301 | Val Loss: 3.0674
EarlyStopping counter: 22 out of 50
Epoch 192 | Train Loss: 3.1543 | Val Loss: 3.0385
EarlyStopping counter: 23 out of 50
Epoch 193 | Train Loss: 3.0012 | Val Loss: 3.0586
EarlyStopping counter: 24 out of 50
Epoch 194 | Train Loss: 3.0458 | Val Loss: 3.0570
EarlyStopping counter: 25 out of 50
Epoch 195 | Train Loss: 2.9460 | Val Loss: 3.1017
EarlyStopping counter: 26 out of 50
Epoch 196 | Train Loss: 2.9952 | Val Loss: 3.1232
EarlyStopping counter: 27 out of 50
Epoch 197 | Train Loss: 2.9505 | Val Loss: 3.1789
EarlyStopping counter: 28 out of 50
Epoch 198 | Train Loss: 3.0245 | Val Loss: 3.1036
EarlyStopping counter: 29 out of 50
Epoch 199 | Train Loss: 2.8244 | Val Loss: 3.0370
EarlyStopping counter: 30 out of 50
Epoch 200 | Train Loss: 2.9979 | Val Loss: 2.9487
EarlyStopping counter: 31 out of 50
Epoch 201 | Train Loss: 2.8422 | Val Loss: 3.1537
EarlyStopping counter: 32 out of 50
Epoch 202 | Train Loss: 3.0219 | Val Loss: 2.9339
EarlyStopping counter: 33 out of 50
Epoch 203 | Train Loss: 2.8794 | Val Loss: 3.0269
EarlyStopping counter: 34 out of 50
Epoch 204 | Train Loss: 2.9486 | Val Loss: 3.1764
EarlyStopping counter: 35 out of 50
Epoch 205 | Train Loss: 3.0677 | Val Loss: 3.0703
EarlyStopping counter: 36 out of 50
Epoch 206 | Train Loss: 3.0992 | Val Loss: 3.1014
EarlyStopping counter: 37 out of 50
Epoch 207 | Train Loss: 3.1564 | Val Loss: 3.0783
EarlyStopping counter: 38 out of 50
Epoch 208 | Train Loss: 2.9320 | Val Loss: 2.9914
EarlyStopping counter: 39 out of 50
Epoch 209 | Train Loss: 3.1318 | Val Loss: 3.0865
EarlyStopping counter: 40 out of 50
Epoch 210 | Train Loss: 2.9136 | Val Loss: 3.0517
EarlyStopping counter: 41 out of 50
Epoch 211 | Train Loss: 3.0044 | Val Loss: 3.0219
EarlyStopping counter: 42 out of 50
Epoch 212 | Train Loss: 3.1443 | Val Loss: 3.0617
EarlyStopping counter: 43 out of 50
Epoch 213 | Train Loss: 2.9947 | Val Loss: 3.0839
EarlyStopping counter: 44 out of 50
Epoch 214 | Train Loss: 2.9965 | Val Loss: 3.0776
EarlyStopping counter: 45 out of 50
Epoch 215 | Train Loss: 2.9881 | Val Loss: 3.1259
EarlyStopping counter: 46 out of 50
Epoch 216 | Train Loss: 3.2369 | Val Loss: 3.1418
EarlyStopping counter: 47 out of 50
Epoch 217 | Train Loss: 2.9332 | Val Loss: 3.1114
EarlyStopping counter: 48 out of 50
Epoch 218 | Train Loss: 2.8200 | Val Loss: 2.9836
EarlyStopping counter: 49 out of 50
Epoch 219 | Train Loss: 3.0906 | Val Loss: 3.2358
EarlyStopping counter: 50 out of 50
Early stopping triggered. Training stopped.
nohup: ignoring input
Scanning directory for 228 homes...
Loaded 228 valid homes.
Scanning directory for 26 homes...
Loaded 26 valid homes.
Epoch 0 | Train Loss: 248.4687 | Val Loss: 34.5963
Validation loss decreased (inf --> 34.596300).  Saving model ...
Epoch 1 | Train Loss: 18.7751 | Val Loss: 8.8606
Validation loss decreased (34.596300 --> 8.860592).  Saving model ...
Epoch 2 | Train Loss: 6.5965 | Val Loss: 4.8748
Validation loss decreased (8.860592 --> 4.874787).  Saving model ...
Epoch 3 | Train Loss: 4.6486 | Val Loss: 4.1078
Validation loss decreased (4.874787 --> 4.107830).  Saving model ...
Epoch 4 | Train Loss: 4.0530 | Val Loss: 3.9256
Validation loss decreased (4.107830 --> 3.925592).  Saving model ...
Epoch 5 | Train Loss: 3.7597 | Val Loss: 3.8750
Validation loss decreased (3.925592 --> 3.875030).  Saving model ...
Epoch 6 | Train Loss: 3.8703 | Val Loss: 3.7943
Validation loss decreased (3.875030 --> 3.794252).  Saving model ...
Epoch 7 | Train Loss: 3.9275 | Val Loss: 3.7679
Validation loss decreased (3.794252 --> 3.767906).  Saving model ...
Epoch 8 | Train Loss: 3.7768 | Val Loss: 3.6876
Validation loss decreased (3.767906 --> 3.687583).  Saving model ...
Epoch 9 | Train Loss: 3.7638 | Val Loss: 3.6843
Validation loss decreased (3.687583 --> 3.684266).  Saving model ...
Epoch 10 | Train Loss: 3.7035 | Val Loss: 3.6372
Validation loss decreased (3.684266 --> 3.637181).  Saving model ...
Epoch 11 | Train Loss: 3.7061 | Val Loss: 3.5537
Validation loss decreased (3.637181 --> 3.553732).  Saving model ...
Epoch 12 | Train Loss: 3.6820 | Val Loss: 3.6363
EarlyStopping counter: 1 out of 50
Epoch 13 | Train Loss: 3.6763 | Val Loss: 3.5985
EarlyStopping counter: 2 out of 50
Epoch 14 | Train Loss: 3.6024 | Val Loss: 3.6114
EarlyStopping counter: 3 out of 50
Epoch 15 | Train Loss: 3.6673 | Val Loss: 3.6210
EarlyStopping counter: 4 out of 50
Epoch 16 | Train Loss: 3.5962 | Val Loss: 3.5646
EarlyStopping counter: 5 out of 50
Epoch 17 | Train Loss: 3.6865 | Val Loss: 3.6231
EarlyStopping counter: 6 out of 50
Epoch 18 | Train Loss: 3.4461 | Val Loss: 3.5641
EarlyStopping counter: 7 out of 50
Epoch 19 | Train Loss: 3.6262 | Val Loss: 3.5581
EarlyStopping counter: 8 out of 50
Epoch 20 | Train Loss: 3.5393 | Val Loss: 3.4990
Validation loss decreased (3.553732 --> 3.499004).  Saving model ...
Epoch 21 | Train Loss: 3.4585 | Val Loss: 3.4401
Validation loss decreased (3.499004 --> 3.440068).  Saving model ...
Epoch 22 | Train Loss: 3.4427 | Val Loss: 3.5426
EarlyStopping counter: 1 out of 50
Epoch 23 | Train Loss: 3.5115 | Val Loss: 3.5557
EarlyStopping counter: 2 out of 50
Epoch 24 | Train Loss: 3.3939 | Val Loss: 3.3985
Validation loss decreased (3.440068 --> 3.398548).  Saving model ...
Epoch 25 | Train Loss: 3.2745 | Val Loss: 3.4289
EarlyStopping counter: 1 out of 50
Epoch 26 | Train Loss: 3.4720 | Val Loss: 3.4034
EarlyStopping counter: 2 out of 50
Epoch 27 | Train Loss: 3.4671 | Val Loss: 3.4606
EarlyStopping counter: 3 out of 50
Epoch 28 | Train Loss: 3.2589 | Val Loss: 3.2965
Validation loss decreased (3.398548 --> 3.296496).  Saving model ...
Epoch 29 | Train Loss: 3.2622 | Val Loss: 3.2821
Validation loss decreased (3.296496 --> 3.282081).  Saving model ...
Epoch 30 | Train Loss: 3.2427 | Val Loss: 3.3833
EarlyStopping counter: 1 out of 50
Epoch 31 | Train Loss: 3.4830 | Val Loss: 3.1474
Validation loss decreased (3.282081 --> 3.147437).  Saving model ...
Epoch 32 | Train Loss: 3.1233 | Val Loss: 3.3736
EarlyStopping counter: 1 out of 50
Epoch 33 | Train Loss: 3.1974 | Val Loss: 3.3140
EarlyStopping counter: 2 out of 50
Epoch 34 | Train Loss: 3.3842 | Val Loss: 3.3686
EarlyStopping counter: 3 out of 50
Epoch 35 | Train Loss: 3.1702 | Val Loss: 3.2904
EarlyStopping counter: 4 out of 50
Epoch 36 | Train Loss: 3.3422 | Val Loss: 3.3418
EarlyStopping counter: 5 out of 50
Epoch 37 | Train Loss: 3.0714 | Val Loss: 3.3436
EarlyStopping counter: 6 out of 50
Epoch 38 | Train Loss: 3.3449 | Val Loss: 3.3128
EarlyStopping counter: 7 out of 50
Epoch 39 | Train Loss: 2.9513 | Val Loss: 3.2701
EarlyStopping counter: 8 out of 50
Epoch 40 | Train Loss: 3.1989 | Val Loss: 3.4142
EarlyStopping counter: 9 out of 50
Epoch 41 | Train Loss: 3.1483 | Val Loss: 3.3234
EarlyStopping counter: 10 out of 50
Epoch 42 | Train Loss: 2.9675 | Val Loss: 3.3849
EarlyStopping counter: 11 out of 50
Epoch 43 | Train Loss: 3.2135 | Val Loss: 3.3226
EarlyStopping counter: 12 out of 50
Epoch 44 | Train Loss: 3.1053 | Val Loss: 3.2995
EarlyStopping counter: 13 out of 50
Epoch 45 | Train Loss: 3.1657 | Val Loss: 3.1309
Validation loss decreased (3.147437 --> 3.130919).  Saving model ...
Epoch 46 | Train Loss: 3.2758 | Val Loss: 3.2743
EarlyStopping counter: 1 out of 50
Epoch 47 | Train Loss: 3.2089 | Val Loss: 3.2493
EarlyStopping counter: 2 out of 50
Epoch 48 | Train Loss: 3.2493 | Val Loss: 3.1888
EarlyStopping counter: 3 out of 50
Epoch 49 | Train Loss: 3.3203 | Val Loss: 3.2518
EarlyStopping counter: 4 out of 50
Epoch 50 | Train Loss: 3.3914 | Val Loss: 3.2533
EarlyStopping counter: 5 out of 50
Epoch 51 | Train Loss: 3.1107 | Val Loss: 3.2271
EarlyStopping counter: 6 out of 50
Epoch 52 | Train Loss: 3.1146 | Val Loss: 3.2904
EarlyStopping counter: 7 out of 50
Epoch 53 | Train Loss: 3.2031 | Val Loss: 3.1880
EarlyStopping counter: 8 out of 50
Epoch 54 | Train Loss: 3.3367 | Val Loss: 3.3416
EarlyStopping counter: 9 out of 50
Epoch 55 | Train Loss: 3.2555 | Val Loss: 3.3600
EarlyStopping counter: 10 out of 50
Epoch 56 | Train Loss: 3.2767 | Val Loss: 3.1446
EarlyStopping counter: 11 out of 50
Epoch 57 | Train Loss: 3.3796 | Val Loss: 3.2538
EarlyStopping counter: 12 out of 50
Epoch 58 | Train Loss: 3.3350 | Val Loss: 3.1309
EarlyStopping counter: 13 out of 50
Epoch 59 | Train Loss: 3.0428 | Val Loss: 3.3182
EarlyStopping counter: 14 out of 50
Epoch 60 | Train Loss: 3.2602 | Val Loss: 3.2929
EarlyStopping counter: 15 out of 50
Epoch 61 | Train Loss: 3.3696 | Val Loss: 3.1350
EarlyStopping counter: 16 out of 50
Epoch 62 | Train Loss: 3.2960 | Val Loss: 3.3223
EarlyStopping counter: 17 out of 50
Epoch 63 | Train Loss: 3.3242 | Val Loss: 3.1874
EarlyStopping counter: 18 out of 50
Epoch 64 | Train Loss: 3.1504 | Val Loss: 3.2647
EarlyStopping counter: 19 out of 50
Epoch 65 | Train Loss: 3.2100 | Val Loss: 3.2148
EarlyStopping counter: 20 out of 50
Epoch 66 | Train Loss: 3.0816 | Val Loss: 3.3084
EarlyStopping counter: 21 out of 50
Epoch 67 | Train Loss: 3.2826 | Val Loss: 3.1600
EarlyStopping counter: 22 out of 50
Epoch 68 | Train Loss: 2.9677 | Val Loss: 3.2805
EarlyStopping counter: 23 out of 50
Epoch 69 | Train Loss: 3.3059 | Val Loss: 3.2879
EarlyStopping counter: 24 out of 50
Epoch 70 | Train Loss: 3.1832 | Val Loss: 3.2842
EarlyStopping counter: 25 out of 50
Epoch 71 | Train Loss: 3.1885 | Val Loss: 3.2040
EarlyStopping counter: 26 out of 50
Epoch 72 | Train Loss: 3.2083 | Val Loss: 3.2204
EarlyStopping counter: 27 out of 50
Epoch 73 | Train Loss: 3.0307 | Val Loss: 3.2437
EarlyStopping counter: 28 out of 50
Epoch 74 | Train Loss: 3.1016 | Val Loss: 3.2766
EarlyStopping counter: 29 out of 50
Epoch 75 | Train Loss: 3.1784 | Val Loss: 3.2706
EarlyStopping counter: 30 out of 50
Epoch 76 | Train Loss: 3.1088 | Val Loss: 3.2266
EarlyStopping counter: 31 out of 50
Epoch 77 | Train Loss: 3.1010 | Val Loss: 3.0816
Validation loss decreased (3.130919 --> 3.081592).  Saving model ...
Epoch 78 | Train Loss: 3.1482 | Val Loss: 3.2272
EarlyStopping counter: 1 out of 50
Epoch 79 | Train Loss: 3.1356 | Val Loss: 3.2913
EarlyStopping counter: 2 out of 50
Epoch 80 | Train Loss: 3.1601 | Val Loss: 3.2118
EarlyStopping counter: 3 out of 50
Epoch 81 | Train Loss: 3.2992 | Val Loss: 3.1253
EarlyStopping counter: 4 out of 50
Epoch 82 | Train Loss: 2.8338 | Val Loss: 3.2138
EarlyStopping counter: 5 out of 50
Epoch 83 | Train Loss: 3.0542 | Val Loss: 3.2246
EarlyStopping counter: 6 out of 50
Epoch 84 | Train Loss: 3.2972 | Val Loss: 3.1922
EarlyStopping counter: 7 out of 50
Epoch 85 | Train Loss: 3.2245 | Val Loss: 3.1084
EarlyStopping counter: 8 out of 50
Epoch 86 | Train Loss: 2.9342 | Val Loss: 3.2153
EarlyStopping counter: 9 out of 50
Epoch 87 | Train Loss: 3.3017 | Val Loss: 3.2385
EarlyStopping counter: 10 out of 50
Epoch 88 | Train Loss: 2.9611 | Val Loss: 3.0761
Validation loss decreased (3.081592 --> 3.076112).  Saving model ...
Epoch 89 | Train Loss: 3.0703 | Val Loss: 3.2224
EarlyStopping counter: 1 out of 50
Epoch 90 | Train Loss: 3.1469 | Val Loss: 3.1290
EarlyStopping counter: 2 out of 50
Epoch 91 | Train Loss: 3.0879 | Val Loss: 3.2251
EarlyStopping counter: 3 out of 50
Epoch 92 | Train Loss: 3.0887 | Val Loss: 3.2017
EarlyStopping counter: 4 out of 50
Epoch 93 | Train Loss: 3.0510 | Val Loss: 3.0435
Validation loss decreased (3.076112 --> 3.043494).  Saving model ...
Epoch 94 | Train Loss: 2.9347 | Val Loss: 3.1797
EarlyStopping counter: 1 out of 50
Epoch 95 | Train Loss: 2.9576 | Val Loss: 3.2268
EarlyStopping counter: 2 out of 50
Epoch 96 | Train Loss: 3.2503 | Val Loss: 3.2727
EarlyStopping counter: 3 out of 50
Epoch 97 | Train Loss: 3.1863 | Val Loss: 3.1904
EarlyStopping counter: 4 out of 50
Epoch 98 | Train Loss: 3.0297 | Val Loss: 3.1890
EarlyStopping counter: 5 out of 50
Epoch 99 | Train Loss: 3.1431 | Val Loss: 3.1812
EarlyStopping counter: 6 out of 50
Epoch 100 | Train Loss: 3.1245 | Val Loss: 3.2130
EarlyStopping counter: 7 out of 50
Epoch 101 | Train Loss: 3.1188 | Val Loss: 3.2239
EarlyStopping counter: 8 out of 50
Epoch 102 | Train Loss: 3.2000 | Val Loss: 3.1921
EarlyStopping counter: 9 out of 50
Epoch 103 | Train Loss: 3.1299 | Val Loss: 3.2204
EarlyStopping counter: 10 out of 50
Epoch 104 | Train Loss: 3.1095 | Val Loss: 3.2685
EarlyStopping counter: 11 out of 50
Epoch 105 | Train Loss: 3.0963 | Val Loss: 3.0931
EarlyStopping counter: 12 out of 50
Epoch 106 | Train Loss: 3.2055 | Val Loss: 3.2200
EarlyStopping counter: 13 out of 50
Epoch 107 | Train Loss: 3.1628 | Val Loss: 3.2249
EarlyStopping counter: 14 out of 50
Epoch 108 | Train Loss: 3.1990 | Val Loss: 3.1003
EarlyStopping counter: 15 out of 50
Epoch 109 | Train Loss: 3.1059 | Val Loss: 3.2986
EarlyStopping counter: 16 out of 50
Epoch 110 | Train Loss: 2.9725 | Val Loss: 3.0431
Validation loss decreased (3.043494 --> 3.043128).  Saving model ...
Epoch 111 | Train Loss: 2.5234 | Val Loss: 3.1969
EarlyStopping counter: 1 out of 50
Epoch 112 | Train Loss: 3.1653 | Val Loss: 3.2343
EarlyStopping counter: 2 out of 50
Epoch 113 | Train Loss: 3.0326 | Val Loss: 3.1717
EarlyStopping counter: 3 out of 50
Epoch 114 | Train Loss: 3.2734 | Val Loss: 3.0810
EarlyStopping counter: 4 out of 50
Epoch 115 | Train Loss: 3.1380 | Val Loss: 3.2055
EarlyStopping counter: 5 out of 50
Epoch 116 | Train Loss: 3.2852 | Val Loss: 3.2086
EarlyStopping counter: 6 out of 50
Epoch 117 | Train Loss: 3.1409 | Val Loss: 3.1827
EarlyStopping counter: 7 out of 50
Epoch 118 | Train Loss: 3.1397 | Val Loss: 3.2388
EarlyStopping counter: 8 out of 50
Epoch 119 | Train Loss: 3.1252 | Val Loss: 3.2379
EarlyStopping counter: 9 out of 50
Epoch 120 | Train Loss: 3.1105 | Val Loss: 3.1549
EarlyStopping counter: 10 out of 50
Epoch 121 | Train Loss: 3.1700 | Val Loss: 3.0836
EarlyStopping counter: 11 out of 50
Epoch 122 | Train Loss: 3.0805 | Val Loss: 3.2064
EarlyStopping counter: 12 out of 50
Epoch 123 | Train Loss: 3.2208 | Val Loss: 3.2838
EarlyStopping counter: 13 out of 50
Epoch 124 | Train Loss: 3.0385 | Val Loss: 3.0485
EarlyStopping counter: 14 out of 50
Epoch 125 | Train Loss: 3.0683 | Val Loss: 3.1557
EarlyStopping counter: 15 out of 50
Epoch 126 | Train Loss: 3.1741 | Val Loss: 3.2123
EarlyStopping counter: 16 out of 50
Epoch 127 | Train Loss: 3.2622 | Val Loss: 3.2669
EarlyStopping counter: 17 out of 50
Epoch 128 | Train Loss: 3.1986 | Val Loss: 3.0942
EarlyStopping counter: 18 out of 50
Epoch 129 | Train Loss: 3.2229 | Val Loss: 3.1687
EarlyStopping counter: 19 out of 50
Epoch 130 | Train Loss: 3.1162 | Val Loss: 3.2185
EarlyStopping counter: 20 out of 50
Epoch 131 | Train Loss: 3.2543 | Val Loss: 3.1715
EarlyStopping counter: 21 out of 50
Epoch 132 | Train Loss: 2.9901 | Val Loss: 3.2466
EarlyStopping counter: 22 out of 50
Epoch 133 | Train Loss: 3.1485 | Val Loss: 3.2225
EarlyStopping counter: 23 out of 50
Epoch 134 | Train Loss: 3.1776 | Val Loss: 3.1375
EarlyStopping counter: 24 out of 50
Epoch 135 | Train Loss: 3.1776 | Val Loss: 3.0727
EarlyStopping counter: 25 out of 50
Epoch 136 | Train Loss: 3.1978 | Val Loss: 3.2940
EarlyStopping counter: 26 out of 50
Epoch 137 | Train Loss: 2.9737 | Val Loss: 3.1241
EarlyStopping counter: 27 out of 50
Epoch 138 | Train Loss: 3.2139 | Val Loss: 3.0818
EarlyStopping counter: 28 out of 50
Epoch 139 | Train Loss: 3.1155 | Val Loss: 3.2365
EarlyStopping counter: 29 out of 50
Epoch 140 | Train Loss: 3.1417 | Val Loss: 3.1111
EarlyStopping counter: 30 out of 50
Epoch 141 | Train Loss: 3.1733 | Val Loss: 3.1147
EarlyStopping counter: 31 out of 50
Epoch 142 | Train Loss: 3.1779 | Val Loss: 3.2428
EarlyStopping counter: 32 out of 50
Epoch 143 | Train Loss: 3.0233 | Val Loss: 3.1494
EarlyStopping counter: 33 out of 50
Epoch 144 | Train Loss: 3.1352 | Val Loss: 3.1194
EarlyStopping counter: 34 out of 50
Epoch 145 | Train Loss: 3.1559 | Val Loss: 3.2025
EarlyStopping counter: 35 out of 50
Epoch 146 | Train Loss: 3.0434 | Val Loss: 3.1549
EarlyStopping counter: 36 out of 50
Epoch 147 | Train Loss: 3.1262 | Val Loss: 3.2855
EarlyStopping counter: 37 out of 50
Epoch 148 | Train Loss: 2.9125 | Val Loss: 3.1501
EarlyStopping counter: 38 out of 50
Epoch 149 | Train Loss: 3.1853 | Val Loss: 3.1134
EarlyStopping counter: 39 out of 50
Epoch 150 | Train Loss: 3.1570 | Val Loss: 3.1882
EarlyStopping counter: 40 out of 50
Epoch 151 | Train Loss: 3.0588 | Val Loss: 3.2362
EarlyStopping counter: 41 out of 50
Epoch 152 | Train Loss: 3.2448 | Val Loss: 3.1629
EarlyStopping counter: 42 out of 50
Epoch 153 | Train Loss: 3.1569 | Val Loss: 3.1543
EarlyStopping counter: 43 out of 50
Epoch 154 | Train Loss: 3.2422 | Val Loss: 3.1510
EarlyStopping counter: 44 out of 50
Epoch 155 | Train Loss: 3.0227 | Val Loss: 3.1301
EarlyStopping counter: 45 out of 50
Epoch 156 | Train Loss: 2.9216 | Val Loss: 3.1462
EarlyStopping counter: 46 out of 50
Epoch 157 | Train Loss: 3.1095 | Val Loss: 3.1847
EarlyStopping counter: 47 out of 50
Epoch 158 | Train Loss: 3.2009 | Val Loss: 3.2404
EarlyStopping counter: 48 out of 50
Epoch 159 | Train Loss: 3.0274 | Val Loss: 3.2318
EarlyStopping counter: 49 out of 50
Epoch 160 | Train Loss: 3.1254 | Val Loss: 3.1327
EarlyStopping counter: 50 out of 50
Early stopping triggered. Training stopped.
nohup: ignoring input
Scanning directory for 228 homes...
Loaded 228 valid homes.
Scanning directory for 26 homes...
Loaded 26 valid homes.
Epoch 0 | Train Loss: 126.6458 | Val Loss: 117.9620
Validation loss decreased (inf --> 117.961971).  Saving model ...
Epoch 1 | Train Loss: 54.1831 | Val Loss: 7.2171
Validation loss decreased (117.961971 --> 7.217130).  Saving model ...
Epoch 2 | Train Loss: 4.9968 | Val Loss: 4.1805
Validation loss decreased (7.217130 --> 4.180474).  Saving model ...
Epoch 3 | Train Loss: 4.0717 | Val Loss: 3.9083
Validation loss decreased (4.180474 --> 3.908338).  Saving model ...
Epoch 4 | Train Loss: 3.7707 | Val Loss: 3.7580
Validation loss decreased (3.908338 --> 3.758012).  Saving model ...
Epoch 5 | Train Loss: 3.6641 | Val Loss: 3.6859
Validation loss decreased (3.758012 --> 3.685855).  Saving model ...
Epoch 6 | Train Loss: 3.6265 | Val Loss: 3.6637
Validation loss decreased (3.685855 --> 3.663721).  Saving model ...
Epoch 7 | Train Loss: 3.6145 | Val Loss: 3.6428
Validation loss decreased (3.663721 --> 3.642837).  Saving model ...
Epoch 8 | Train Loss: 3.6094 | Val Loss: 3.5447
Validation loss decreased (3.642837 --> 3.544672).  Saving model ...
Epoch 9 | Train Loss: 3.5499 | Val Loss: 3.5682
EarlyStopping counter: 1 out of 50
Epoch 10 | Train Loss: 3.4694 | Val Loss: 3.5152
Validation loss decreased (3.544672 --> 3.515233).  Saving model ...
Epoch 11 | Train Loss: 3.4726 | Val Loss: 3.4725
Validation loss decreased (3.515233 --> 3.472491).  Saving model ...
Epoch 12 | Train Loss: 3.5066 | Val Loss: 3.4908
EarlyStopping counter: 1 out of 50
Epoch 13 | Train Loss: 3.5324 | Val Loss: 3.4725
EarlyStopping counter: 2 out of 50
Epoch 14 | Train Loss: 3.3874 | Val Loss: 3.4305
Validation loss decreased (3.472491 --> 3.430517).  Saving model ...
Epoch 15 | Train Loss: 3.3751 | Val Loss: 3.3904
Validation loss decreased (3.430517 --> 3.390414).  Saving model ...
Epoch 16 | Train Loss: 3.3783 | Val Loss: 3.4671
EarlyStopping counter: 1 out of 50
Epoch 17 | Train Loss: 3.3661 | Val Loss: 3.2896
Validation loss decreased (3.390414 --> 3.289575).  Saving model ...
Epoch 18 | Train Loss: 3.2605 | Val Loss: 3.4274
EarlyStopping counter: 1 out of 50
Epoch 19 | Train Loss: 3.2035 | Val Loss: 3.3236
EarlyStopping counter: 2 out of 50
Epoch 20 | Train Loss: 3.2298 | Val Loss: 3.4149
EarlyStopping counter: 3 out of 50
Epoch 21 | Train Loss: 3.2844 | Val Loss: 3.4059
EarlyStopping counter: 4 out of 50
Epoch 22 | Train Loss: 3.4422 | Val Loss: 3.3054
EarlyStopping counter: 5 out of 50
Epoch 23 | Train Loss: 3.1549 | Val Loss: 3.3621
EarlyStopping counter: 6 out of 50
Epoch 24 | Train Loss: 3.1400 | Val Loss: 3.2422
Validation loss decreased (3.289575 --> 3.242153).  Saving model ...
Epoch 25 | Train Loss: 3.1058 | Val Loss: 3.1888
Validation loss decreased (3.242153 --> 3.188812).  Saving model ...
Epoch 26 | Train Loss: 3.3582 | Val Loss: 3.3144
EarlyStopping counter: 1 out of 50
Epoch 27 | Train Loss: 3.2301 | Val Loss: 3.3150
EarlyStopping counter: 2 out of 50
Epoch 28 | Train Loss: 3.2703 | Val Loss: 3.2826
EarlyStopping counter: 3 out of 50
Epoch 29 | Train Loss: 3.2384 | Val Loss: 3.3404
EarlyStopping counter: 4 out of 50
Epoch 30 | Train Loss: 3.1571 | Val Loss: 3.1739
Validation loss decreased (3.188812 --> 3.173915).  Saving model ...
Epoch 31 | Train Loss: 2.9563 | Val Loss: 3.3316
EarlyStopping counter: 1 out of 50
Epoch 32 | Train Loss: 3.0592 | Val Loss: 3.2654
EarlyStopping counter: 2 out of 50
Epoch 33 | Train Loss: 2.8456 | Val Loss: 3.2563
EarlyStopping counter: 3 out of 50
Epoch 34 | Train Loss: 3.1393 | Val Loss: 3.2987
EarlyStopping counter: 4 out of 50
Epoch 35 | Train Loss: 3.1619 | Val Loss: 3.1798
EarlyStopping counter: 5 out of 50
Epoch 36 | Train Loss: 3.2685 | Val Loss: 3.0874
Validation loss decreased (3.173915 --> 3.087443).  Saving model ...
Epoch 37 | Train Loss: 3.3392 | Val Loss: 3.1708
EarlyStopping counter: 1 out of 50
Epoch 38 | Train Loss: 3.1239 | Val Loss: 3.1972
EarlyStopping counter: 2 out of 50
Epoch 39 | Train Loss: 3.2275 | Val Loss: 3.2237
EarlyStopping counter: 3 out of 50
Epoch 40 | Train Loss: 3.1693 | Val Loss: 3.2233
EarlyStopping counter: 4 out of 50
Epoch 41 | Train Loss: 3.1248 | Val Loss: 3.0938
EarlyStopping counter: 5 out of 50
Epoch 42 | Train Loss: 3.0005 | Val Loss: 3.0703
Validation loss decreased (3.087443 --> 3.070336).  Saving model ...
Epoch 43 | Train Loss: 3.1602 | Val Loss: 3.1700
EarlyStopping counter: 1 out of 50
Epoch 44 | Train Loss: 3.0229 | Val Loss: 3.1246
EarlyStopping counter: 2 out of 50
Epoch 45 | Train Loss: 3.1950 | Val Loss: 3.0833
EarlyStopping counter: 3 out of 50
Epoch 46 | Train Loss: 3.1526 | Val Loss: 3.2539
EarlyStopping counter: 4 out of 50
Epoch 47 | Train Loss: 2.9863 | Val Loss: 3.1658
EarlyStopping counter: 5 out of 50
Epoch 48 | Train Loss: 2.9686 | Val Loss: 3.2023
EarlyStopping counter: 6 out of 50
Epoch 49 | Train Loss: 3.1373 | Val Loss: 3.1094
EarlyStopping counter: 7 out of 50
Epoch 50 | Train Loss: 2.9242 | Val Loss: 3.1025
EarlyStopping counter: 8 out of 50
Epoch 51 | Train Loss: 3.2052 | Val Loss: 3.2056
EarlyStopping counter: 9 out of 50
Epoch 52 | Train Loss: 2.9512 | Val Loss: 2.9870
Validation loss decreased (3.070336 --> 2.987027).  Saving model ...
Epoch 53 | Train Loss: 3.0323 | Val Loss: 3.1716
EarlyStopping counter: 1 out of 50
Epoch 54 | Train Loss: 2.9903 | Val Loss: 3.2039
EarlyStopping counter: 2 out of 50
Epoch 55 | Train Loss: 3.0693 | Val Loss: 3.1634
EarlyStopping counter: 3 out of 50
Epoch 56 | Train Loss: 3.0208 | Val Loss: 3.0395
EarlyStopping counter: 4 out of 50
Epoch 57 | Train Loss: 3.0554 | Val Loss: 3.1241
EarlyStopping counter: 5 out of 50
Epoch 58 | Train Loss: 3.0625 | Val Loss: 3.0975
EarlyStopping counter: 6 out of 50
Epoch 59 | Train Loss: 3.1611 | Val Loss: 3.1580
EarlyStopping counter: 7 out of 50
Epoch 60 | Train Loss: 3.1525 | Val Loss: 3.1560
EarlyStopping counter: 8 out of 50
Epoch 61 | Train Loss: 3.0746 | Val Loss: 3.1671
EarlyStopping counter: 9 out of 50
Epoch 62 | Train Loss: 3.1607 | Val Loss: 3.0962
EarlyStopping counter: 10 out of 50
Epoch 63 | Train Loss: 2.9819 | Val Loss: 3.1126
EarlyStopping counter: 11 out of 50
Epoch 64 | Train Loss: 2.9539 | Val Loss: 3.0965
EarlyStopping counter: 12 out of 50
Epoch 65 | Train Loss: 2.9648 | Val Loss: 3.0560
EarlyStopping counter: 13 out of 50
Epoch 66 | Train Loss: 3.0562 | Val Loss: 3.1405
EarlyStopping counter: 14 out of 50
Epoch 67 | Train Loss: 3.0013 | Val Loss: 3.0130
EarlyStopping counter: 15 out of 50
Epoch 68 | Train Loss: 2.9705 | Val Loss: 3.1005
EarlyStopping counter: 16 out of 50
Epoch 69 | Train Loss: 3.0922 | Val Loss: 3.0031
EarlyStopping counter: 17 out of 50
Epoch 70 | Train Loss: 2.9772 | Val Loss: 3.0492
EarlyStopping counter: 18 out of 50
Epoch 71 | Train Loss: 2.8891 | Val Loss: 3.0989
EarlyStopping counter: 19 out of 50
Epoch 72 | Train Loss: 3.1882 | Val Loss: 3.0288
EarlyStopping counter: 20 out of 50
Epoch 73 | Train Loss: 2.8544 | Val Loss: 3.0524
EarlyStopping counter: 21 out of 50
Epoch 74 | Train Loss: 2.8422 | Val Loss: 3.0546
EarlyStopping counter: 22 out of 50
Epoch 75 | Train Loss: 3.1190 | Val Loss: 3.0538
EarlyStopping counter: 23 out of 50
Epoch 76 | Train Loss: 2.9998 | Val Loss: 3.0892
EarlyStopping counter: 24 out of 50
Epoch 77 | Train Loss: 2.7907 | Val Loss: 2.9873
EarlyStopping counter: 25 out of 50
Epoch 78 | Train Loss: 2.8598 | Val Loss: 3.0294
EarlyStopping counter: 26 out of 50
Epoch 79 | Train Loss: 2.9716 | Val Loss: 3.0152
EarlyStopping counter: 27 out of 50
Epoch 80 | Train Loss: 2.9420 | Val Loss: 2.8220
Validation loss decreased (2.987027 --> 2.821966).  Saving model ...
Epoch 81 | Train Loss: 3.0019 | Val Loss: 2.8988
EarlyStopping counter: 1 out of 50
Epoch 82 | Train Loss: 2.8870 | Val Loss: 2.9918
EarlyStopping counter: 2 out of 50
Epoch 83 | Train Loss: 2.8844 | Val Loss: 2.8434
EarlyStopping counter: 3 out of 50
Epoch 84 | Train Loss: 2.9071 | Val Loss: 2.8995
EarlyStopping counter: 4 out of 50
Epoch 85 | Train Loss: 2.9534 | Val Loss: 2.9850
EarlyStopping counter: 5 out of 50
Epoch 86 | Train Loss: 2.8649 | Val Loss: 2.8463
EarlyStopping counter: 6 out of 50
Epoch 87 | Train Loss: 2.8486 | Val Loss: 2.9156
EarlyStopping counter: 7 out of 50
Epoch 88 | Train Loss: 2.8992 | Val Loss: 2.8838
EarlyStopping counter: 8 out of 50
Epoch 89 | Train Loss: 2.9619 | Val Loss: 2.9146
EarlyStopping counter: 9 out of 50
Epoch 90 | Train Loss: 2.6791 | Val Loss: 2.8813
EarlyStopping counter: 10 out of 50
Epoch 91 | Train Loss: 2.8412 | Val Loss: 2.7937
Validation loss decreased (2.821966 --> 2.793719).  Saving model ...
Epoch 92 | Train Loss: 2.9363 | Val Loss: 2.9165
EarlyStopping counter: 1 out of 50
Epoch 93 | Train Loss: 2.8428 | Val Loss: 2.9030
EarlyStopping counter: 2 out of 50
Epoch 94 | Train Loss: 2.8722 | Val Loss: 2.7738
Validation loss decreased (2.793719 --> 2.773824).  Saving model ...
Epoch 95 | Train Loss: 2.5519 | Val Loss: 2.8052
EarlyStopping counter: 1 out of 50
Epoch 96 | Train Loss: 2.6752 | Val Loss: 2.8785
EarlyStopping counter: 2 out of 50
Epoch 97 | Train Loss: 2.8451 | Val Loss: 2.8219
EarlyStopping counter: 3 out of 50
Epoch 98 | Train Loss: 2.7659 | Val Loss: 2.6325
Validation loss decreased (2.773824 --> 2.632451).  Saving model ...
Epoch 99 | Train Loss: 2.8162 | Val Loss: 2.7585
EarlyStopping counter: 1 out of 50
Epoch 100 | Train Loss: 2.8081 | Val Loss: 2.8034
EarlyStopping counter: 2 out of 50
Epoch 101 | Train Loss: 2.9125 | Val Loss: 2.8369
EarlyStopping counter: 3 out of 50
Epoch 102 | Train Loss: 2.8674 | Val Loss: 2.7849
EarlyStopping counter: 4 out of 50
Epoch 103 | Train Loss: 2.7246 | Val Loss: 2.7094
EarlyStopping counter: 5 out of 50
Epoch 104 | Train Loss: 2.8048 | Val Loss: 2.7916
EarlyStopping counter: 6 out of 50
Epoch 105 | Train Loss: 2.7756 | Val Loss: 2.7618
EarlyStopping counter: 7 out of 50
Epoch 106 | Train Loss: 2.6857 | Val Loss: 2.6111
Validation loss decreased (2.632451 --> 2.611054).  Saving model ...
Epoch 107 | Train Loss: 2.6158 | Val Loss: 2.6228
EarlyStopping counter: 1 out of 50
Epoch 108 | Train Loss: 2.7443 | Val Loss: 2.7187
EarlyStopping counter: 2 out of 50
Epoch 109 | Train Loss: 2.5430 | Val Loss: 2.5271
Validation loss decreased (2.611054 --> 2.527072).  Saving model ...
Epoch 110 | Train Loss: 2.6552 | Val Loss: 2.5084
Validation loss decreased (2.527072 --> 2.508357).  Saving model ...
Epoch 111 | Train Loss: 2.5981 | Val Loss: 2.6599
EarlyStopping counter: 1 out of 50
Epoch 112 | Train Loss: 2.5048 | Val Loss: 2.6540
EarlyStopping counter: 2 out of 50
Epoch 113 | Train Loss: 2.5268 | Val Loss: 2.4996
Validation loss decreased (2.508357 --> 2.499575).  Saving model ...
Epoch 114 | Train Loss: 2.3697 | Val Loss: 2.5551
EarlyStopping counter: 1 out of 50
Epoch 115 | Train Loss: 2.6074 | Val Loss: 2.5623
EarlyStopping counter: 2 out of 50
Epoch 116 | Train Loss: 2.6748 | Val Loss: 2.5593
EarlyStopping counter: 3 out of 50
Epoch 117 | Train Loss: 2.4963 | Val Loss: 2.4126
Validation loss decreased (2.499575 --> 2.412570).  Saving model ...
Epoch 118 | Train Loss: 2.4657 | Val Loss: 2.4223
EarlyStopping counter: 1 out of 50
Epoch 119 | Train Loss: 2.4323 | Val Loss: 2.4628
EarlyStopping counter: 2 out of 50
Epoch 120 | Train Loss: 2.4336 | Val Loss: 2.4409
EarlyStopping counter: 3 out of 50
Epoch 121 | Train Loss: 2.4035 | Val Loss: 2.4468
EarlyStopping counter: 4 out of 50
Epoch 122 | Train Loss: 2.4476 | Val Loss: 2.3856
Validation loss decreased (2.412570 --> 2.385561).  Saving model ...
Epoch 123 | Train Loss: 2.4809 | Val Loss: 2.3389
Validation loss decreased (2.385561 --> 2.338903).  Saving model ...
Epoch 124 | Train Loss: 2.3285 | Val Loss: 2.3564
EarlyStopping counter: 1 out of 50
Epoch 125 | Train Loss: 2.3575 | Val Loss: 2.3125
Validation loss decreased (2.338903 --> 2.312507).  Saving model ...
Epoch 126 | Train Loss: 2.2465 | Val Loss: 2.3601
EarlyStopping counter: 1 out of 50
Epoch 127 | Train Loss: 2.3715 | Val Loss: 2.3182
EarlyStopping counter: 2 out of 50
Epoch 128 | Train Loss: 2.2345 | Val Loss: 2.2751
Validation loss decreased (2.312507 --> 2.275128).  Saving model ...
Epoch 129 | Train Loss: 2.2994 | Val Loss: 2.2338
Validation loss decreased (2.275128 --> 2.233844).  Saving model ...
Epoch 130 | Train Loss: 2.2791 | Val Loss: 2.2833
EarlyStopping counter: 1 out of 50
Epoch 131 | Train Loss: 2.2480 | Val Loss: 2.2353
EarlyStopping counter: 2 out of 50
Epoch 132 | Train Loss: 2.0469 | Val Loss: 2.1342
Validation loss decreased (2.233844 --> 2.134198).  Saving model ...
Epoch 133 | Train Loss: 2.2515 | Val Loss: 2.2153
EarlyStopping counter: 1 out of 50
Epoch 134 | Train Loss: 2.1869 | Val Loss: 2.1503
EarlyStopping counter: 2 out of 50
Epoch 135 | Train Loss: 2.2722 | Val Loss: 2.2001
EarlyStopping counter: 3 out of 50
Epoch 136 | Train Loss: 2.1909 | Val Loss: 2.0934
Validation loss decreased (2.134198 --> 2.093386).  Saving model ...
Epoch 137 | Train Loss: 2.1268 | Val Loss: 2.1055
EarlyStopping counter: 1 out of 50
Epoch 138 | Train Loss: 1.9274 | Val Loss: 2.1007
EarlyStopping counter: 2 out of 50
Epoch 139 | Train Loss: 2.1984 | Val Loss: 2.1309
EarlyStopping counter: 3 out of 50
Epoch 140 | Train Loss: 2.0753 | Val Loss: 2.1043
EarlyStopping counter: 4 out of 50
Epoch 141 | Train Loss: 2.1293 | Val Loss: 2.0680
Validation loss decreased (2.093386 --> 2.067995).  Saving model ...
Epoch 142 | Train Loss: 2.0823 | Val Loss: 2.0614
Validation loss decreased (2.067995 --> 2.061398).  Saving model ...
Epoch 143 | Train Loss: 2.0567 | Val Loss: 2.0783
EarlyStopping counter: 1 out of 50
Epoch 144 | Train Loss: 2.0054 | Val Loss: 1.9852
Validation loss decreased (2.061398 --> 1.985233).  Saving model ...
Epoch 145 | Train Loss: 2.0353 | Val Loss: 2.0414
EarlyStopping counter: 1 out of 50
Epoch 146 | Train Loss: 2.0362 | Val Loss: 1.9633
Validation loss decreased (1.985233 --> 1.963291).  Saving model ...
Epoch 147 | Train Loss: 2.0274 | Val Loss: 2.0065
EarlyStopping counter: 1 out of 50
Epoch 148 | Train Loss: 2.0363 | Val Loss: 1.9000
Validation loss decreased (1.963291 --> 1.899960).  Saving model ...
Epoch 149 | Train Loss: 1.9128 | Val Loss: 1.8910
Validation loss decreased (1.899960 --> 1.890981).  Saving model ...
Epoch 150 | Train Loss: 1.9536 | Val Loss: 2.0297
EarlyStopping counter: 1 out of 50
Epoch 151 | Train Loss: 1.9757 | Val Loss: 1.9606
EarlyStopping counter: 2 out of 50
Epoch 152 | Train Loss: 1.9844 | Val Loss: 2.0133
EarlyStopping counter: 3 out of 50
Epoch 153 | Train Loss: 1.9627 | Val Loss: 2.0126
EarlyStopping counter: 4 out of 50
Epoch 154 | Train Loss: 1.9624 | Val Loss: 1.9418
EarlyStopping counter: 5 out of 50
Epoch 155 | Train Loss: 1.8950 | Val Loss: 1.9253
EarlyStopping counter: 6 out of 50
Epoch 156 | Train Loss: 2.0750 | Val Loss: 1.9778
EarlyStopping counter: 7 out of 50
Epoch 157 | Train Loss: 1.8947 | Val Loss: 1.9233
EarlyStopping counter: 8 out of 50
Epoch 158 | Train Loss: 1.9559 | Val Loss: 1.8696
Validation loss decreased (1.890981 --> 1.869647).  Saving model ...
Epoch 159 | Train Loss: 1.9470 | Val Loss: 1.9949
EarlyStopping counter: 1 out of 50
Epoch 160 | Train Loss: 1.9616 | Val Loss: 1.8596
Validation loss decreased (1.869647 --> 1.859585).  Saving model ...
Epoch 161 | Train Loss: 1.9419 | Val Loss: 1.9665
EarlyStopping counter: 1 out of 50
Epoch 162 | Train Loss: 1.9512 | Val Loss: 1.9141
EarlyStopping counter: 2 out of 50
Epoch 163 | Train Loss: 1.9288 | Val Loss: 1.8045
Validation loss decreased (1.859585 --> 1.804486).  Saving model ...
Epoch 164 | Train Loss: 1.8638 | Val Loss: 1.9009
EarlyStopping counter: 1 out of 50
Epoch 165 | Train Loss: 1.7779 | Val Loss: 1.8457
EarlyStopping counter: 2 out of 50
Epoch 166 | Train Loss: 1.9534 | Val Loss: 1.8790
EarlyStopping counter: 3 out of 50
Epoch 167 | Train Loss: 1.7472 | Val Loss: 1.7459
Validation loss decreased (1.804486 --> 1.745876).  Saving model ...
Epoch 168 | Train Loss: 1.7980 | Val Loss: 1.8231
EarlyStopping counter: 1 out of 50
Epoch 169 | Train Loss: 1.8175 | Val Loss: 1.9044
EarlyStopping counter: 2 out of 50
Epoch 170 | Train Loss: 1.8317 | Val Loss: 1.8009
EarlyStopping counter: 3 out of 50
Epoch 171 | Train Loss: 1.8708 | Val Loss: 1.8013
EarlyStopping counter: 4 out of 50
Epoch 172 | Train Loss: 1.7300 | Val Loss: 1.7763
EarlyStopping counter: 5 out of 50
Epoch 173 | Train Loss: 1.7310 | Val Loss: 1.8110
EarlyStopping counter: 6 out of 50
Epoch 174 | Train Loss: 1.7118 | Val Loss: 1.7488
EarlyStopping counter: 7 out of 50
Epoch 175 | Train Loss: 1.7002 | Val Loss: 1.7448
Validation loss decreased (1.745876 --> 1.744808).  Saving model ...
Epoch 176 | Train Loss: 1.7566 | Val Loss: 1.8400
EarlyStopping counter: 1 out of 50
Epoch 177 | Train Loss: 1.7582 | Val Loss: 1.8078
EarlyStopping counter: 2 out of 50
Epoch 178 | Train Loss: 1.7519 | Val Loss: 1.6772
Validation loss decreased (1.744808 --> 1.677153).  Saving model ...
Epoch 179 | Train Loss: 1.7686 | Val Loss: 1.7414
EarlyStopping counter: 1 out of 50
Epoch 180 | Train Loss: 1.7721 | Val Loss: 1.7085
EarlyStopping counter: 2 out of 50
Epoch 181 | Train Loss: 1.6613 | Val Loss: 1.6678
Validation loss decreased (1.677153 --> 1.667844).  Saving model ...
Epoch 182 | Train Loss: 1.6534 | Val Loss: 1.6954
EarlyStopping counter: 1 out of 50
Epoch 183 | Train Loss: 1.6707 | Val Loss: 1.7316
EarlyStopping counter: 2 out of 50
Epoch 184 | Train Loss: 1.7037 | Val Loss: 1.7057
EarlyStopping counter: 3 out of 50
Epoch 185 | Train Loss: 1.7658 | Val Loss: 1.6749
EarlyStopping counter: 4 out of 50
Epoch 186 | Train Loss: 1.6379 | Val Loss: 1.6447
Validation loss decreased (1.667844 --> 1.644686).  Saving model ...
Epoch 187 | Train Loss: 1.5514 | Val Loss: 1.6402
Validation loss decreased (1.644686 --> 1.640171).  Saving model ...
Epoch 188 | Train Loss: 1.6845 | Val Loss: 1.6965
EarlyStopping counter: 1 out of 50
Epoch 189 | Train Loss: 1.5455 | Val Loss: 1.5866
Validation loss decreased (1.640171 --> 1.586616).  Saving model ...
Epoch 190 | Train Loss: 1.4730 | Val Loss: 1.5262
Validation loss decreased (1.586616 --> 1.526185).  Saving model ...
Epoch 191 | Train Loss: 1.6558 | Val Loss: 1.5927
EarlyStopping counter: 1 out of 50
Epoch 192 | Train Loss: 1.5799 | Val Loss: 1.5371
EarlyStopping counter: 2 out of 50
Epoch 193 | Train Loss: 1.6579 | Val Loss: 1.5630
EarlyStopping counter: 3 out of 50
Epoch 194 | Train Loss: 1.5080 | Val Loss: 1.6376
EarlyStopping counter: 4 out of 50
Epoch 195 | Train Loss: 1.4702 | Val Loss: 1.4820
Validation loss decreased (1.526185 --> 1.481979).  Saving model ...
Epoch 196 | Train Loss: 1.5612 | Val Loss: 1.5515
EarlyStopping counter: 1 out of 50
Epoch 197 | Train Loss: 1.7126 | Val Loss: 1.5818
EarlyStopping counter: 2 out of 50
Epoch 198 | Train Loss: 1.5911 | Val Loss: 1.5294
EarlyStopping counter: 3 out of 50
Epoch 199 | Train Loss: 1.5666 | Val Loss: 1.3787
Validation loss decreased (1.481979 --> 1.378734).  Saving model ...
Epoch 200 | Train Loss: 1.5356 | Val Loss: 1.5384
EarlyStopping counter: 1 out of 50
Epoch 201 | Train Loss: 1.4499 | Val Loss: 1.5742
EarlyStopping counter: 2 out of 50
Epoch 202 | Train Loss: 1.4590 | Val Loss: 1.4723
EarlyStopping counter: 3 out of 50
Epoch 203 | Train Loss: 1.4275 | Val Loss: 1.4119
EarlyStopping counter: 4 out of 50
Epoch 204 | Train Loss: 1.3735 | Val Loss: 1.4468
EarlyStopping counter: 5 out of 50
Epoch 205 | Train Loss: 1.3793 | Val Loss: 1.6307
EarlyStopping counter: 6 out of 50
Epoch 206 | Train Loss: 1.5437 | Val Loss: 1.3673
Validation loss decreased (1.378734 --> 1.367347).  Saving model ...
Epoch 207 | Train Loss: 1.4470 | Val Loss: 1.4884
EarlyStopping counter: 1 out of 50
Epoch 208 | Train Loss: 1.4858 | Val Loss: 1.3307
Validation loss decreased (1.367347 --> 1.330662).  Saving model ...
Epoch 209 | Train Loss: 1.5036 | Val Loss: 1.4446
EarlyStopping counter: 1 out of 50
Epoch 210 | Train Loss: 1.4294 | Val Loss: 1.4261
EarlyStopping counter: 2 out of 50
Epoch 211 | Train Loss: 1.3526 | Val Loss: 1.4279
EarlyStopping counter: 3 out of 50
Epoch 212 | Train Loss: 1.3174 | Val Loss: 1.4014
EarlyStopping counter: 4 out of 50
Epoch 213 | Train Loss: 1.3235 | Val Loss: 1.2575
Validation loss decreased (1.330662 --> 1.257488).  Saving model ...
Epoch 214 | Train Loss: 1.3745 | Val Loss: 1.4711
EarlyStopping counter: 1 out of 50
Epoch 215 | Train Loss: 1.4258 | Val Loss: 1.3525
EarlyStopping counter: 2 out of 50
Epoch 216 | Train Loss: 1.2752 | Val Loss: 1.2660
EarlyStopping counter: 3 out of 50
Epoch 217 | Train Loss: 1.4791 | Val Loss: 1.4279
EarlyStopping counter: 4 out of 50
Epoch 218 | Train Loss: 1.3176 | Val Loss: 1.1713
Validation loss decreased (1.257488 --> 1.171254).  Saving model ...
Epoch 219 | Train Loss: 1.3148 | Val Loss: 1.1557
Validation loss decreased (1.171254 --> 1.155710).  Saving model ...
Epoch 220 | Train Loss: 1.3169 | Val Loss: 1.3397
EarlyStopping counter: 1 out of 50
Epoch 221 | Train Loss: 1.3328 | Val Loss: 1.2710
EarlyStopping counter: 2 out of 50
Epoch 222 | Train Loss: 1.4572 | Val Loss: 1.4860
EarlyStopping counter: 3 out of 50
Epoch 223 | Train Loss: 1.3549 | Val Loss: 1.1918
EarlyStopping counter: 4 out of 50
Epoch 224 | Train Loss: 1.3277 | Val Loss: 1.1637
EarlyStopping counter: 5 out of 50
Epoch 225 | Train Loss: 1.3830 | Val Loss: 1.4435
EarlyStopping counter: 6 out of 50
Epoch 226 | Train Loss: 1.3096 | Val Loss: 1.1965
EarlyStopping counter: 7 out of 50
Epoch 227 | Train Loss: 1.2271 | Val Loss: 1.2174
EarlyStopping counter: 8 out of 50
Epoch 228 | Train Loss: 1.1619 | Val Loss: 1.1455
Validation loss decreased (1.155710 --> 1.145505).  Saving model ...
Epoch 229 | Train Loss: 1.2193 | Val Loss: 1.1758
EarlyStopping counter: 1 out of 50
Epoch 230 | Train Loss: 1.3196 | Val Loss: 1.4568
EarlyStopping counter: 2 out of 50
Epoch 231 | Train Loss: 1.2498 | Val Loss: 1.0572
Validation loss decreased (1.145505 --> 1.057234).  Saving model ...
Epoch 232 | Train Loss: 1.3196 | Val Loss: 1.0492
Validation loss decreased (1.057234 --> 1.049156).  Saving model ...
Epoch 233 | Train Loss: 1.1216 | Val Loss: 1.0985
EarlyStopping counter: 1 out of 50
Epoch 234 | Train Loss: 1.1693 | Val Loss: 1.2944
EarlyStopping counter: 2 out of 50
Epoch 235 | Train Loss: 1.2381 | Val Loss: 1.1820
EarlyStopping counter: 3 out of 50
Epoch 236 | Train Loss: 1.1642 | Val Loss: 1.0692
EarlyStopping counter: 4 out of 50
Epoch 237 | Train Loss: 1.1049 | Val Loss: 1.1022
EarlyStopping counter: 5 out of 50
Epoch 238 | Train Loss: 1.1254 | Val Loss: 0.9829
Validation loss decreased (1.049156 --> 0.982862).  Saving model ...
Epoch 239 | Train Loss: 1.1732 | Val Loss: 0.9861
EarlyStopping counter: 1 out of 50
Epoch 240 | Train Loss: 1.1699 | Val Loss: 1.2570
EarlyStopping counter: 2 out of 50
Epoch 241 | Train Loss: 1.0934 | Val Loss: 0.9926
EarlyStopping counter: 3 out of 50
Epoch 242 | Train Loss: 1.1806 | Val Loss: 1.1425
EarlyStopping counter: 4 out of 50
Epoch 243 | Train Loss: 1.0113 | Val Loss: 1.1634
EarlyStopping counter: 5 out of 50
Epoch 244 | Train Loss: 1.2456 | Val Loss: 0.9737
Validation loss decreased (0.982862 --> 0.973729).  Saving model ...
Epoch 245 | Train Loss: 1.1788 | Val Loss: 1.0319
EarlyStopping counter: 1 out of 50
Epoch 246 | Train Loss: 1.1459 | Val Loss: 1.2796
EarlyStopping counter: 2 out of 50
Epoch 247 | Train Loss: 1.0945 | Val Loss: 1.0160
EarlyStopping counter: 3 out of 50
Epoch 248 | Train Loss: 1.0813 | Val Loss: 1.1569
EarlyStopping counter: 4 out of 50
Epoch 249 | Train Loss: 1.0812 | Val Loss: 1.1959
EarlyStopping counter: 5 out of 50
Epoch 250 | Train Loss: 1.1090 | Val Loss: 1.1077
EarlyStopping counter: 6 out of 50
Epoch 251 | Train Loss: 1.1691 | Val Loss: 1.2095
EarlyStopping counter: 7 out of 50
Epoch 252 | Train Loss: 1.1026 | Val Loss: 1.1926
EarlyStopping counter: 8 out of 50
Epoch 253 | Train Loss: 1.0537 | Val Loss: 1.0373
EarlyStopping counter: 9 out of 50
Epoch 254 | Train Loss: 0.9927 | Val Loss: 0.9240
Validation loss decreased (0.973729 --> 0.924041).  Saving model ...
Epoch 255 | Train Loss: 1.1133 | Val Loss: 1.2314
EarlyStopping counter: 1 out of 50
Epoch 256 | Train Loss: 1.0172 | Val Loss: 0.9171
Validation loss decreased (0.924041 --> 0.917135).  Saving model ...
Epoch 257 | Train Loss: 1.1957 | Val Loss: 1.1600
EarlyStopping counter: 1 out of 50
Epoch 258 | Train Loss: 1.2167 | Val Loss: 1.3441
EarlyStopping counter: 2 out of 50
Epoch 259 | Train Loss: 1.2210 | Val Loss: 1.2740
EarlyStopping counter: 3 out of 50
Epoch 260 | Train Loss: 1.1734 | Val Loss: 1.2329
EarlyStopping counter: 4 out of 50
Epoch 261 | Train Loss: 1.0825 | Val Loss: 0.9016
Validation loss decreased (0.917135 --> 0.901573).  Saving model ...
Epoch 262 | Train Loss: 1.1087 | Val Loss: 1.1266
EarlyStopping counter: 1 out of 50
Epoch 263 | Train Loss: 1.0943 | Val Loss: 1.1136
EarlyStopping counter: 2 out of 50
Epoch 264 | Train Loss: 0.9462 | Val Loss: 1.1535
EarlyStopping counter: 3 out of 50
Epoch 265 | Train Loss: 0.9534 | Val Loss: 1.0690
EarlyStopping counter: 4 out of 50
Epoch 266 | Train Loss: 1.0478 | Val Loss: 1.0708
EarlyStopping counter: 5 out of 50
Epoch 267 | Train Loss: 1.0502 | Val Loss: 0.9077
EarlyStopping counter: 6 out of 50
Epoch 268 | Train Loss: 1.0628 | Val Loss: 1.1697
EarlyStopping counter: 7 out of 50
Epoch 269 | Train Loss: 1.0350 | Val Loss: 1.2546
EarlyStopping counter: 8 out of 50
Epoch 270 | Train Loss: 1.0452 | Val Loss: 1.4247
EarlyStopping counter: 9 out of 50
Epoch 271 | Train Loss: 0.9494 | Val Loss: 1.0966
EarlyStopping counter: 10 out of 50
Epoch 272 | Train Loss: 0.9408 | Val Loss: 1.6061
EarlyStopping counter: 11 out of 50
Epoch 273 | Train Loss: 1.0542 | Val Loss: 1.1491
EarlyStopping counter: 12 out of 50
Epoch 274 | Train Loss: 1.0200 | Val Loss: 0.9509
EarlyStopping counter: 13 out of 50
Epoch 275 | Train Loss: 1.0328 | Val Loss: 1.0544
EarlyStopping counter: 14 out of 50
Epoch 276 | Train Loss: 1.2133 | Val Loss: 0.8584
Validation loss decreased (0.901573 --> 0.858366).  Saving model ...
Epoch 277 | Train Loss: 0.9991 | Val Loss: 1.0709
EarlyStopping counter: 1 out of 50
Epoch 278 | Train Loss: 1.0039 | Val Loss: 1.1259
EarlyStopping counter: 2 out of 50
Epoch 279 | Train Loss: 0.9836 | Val Loss: 0.7690
Validation loss decreased (0.858366 --> 0.769003).  Saving model ...
Epoch 280 | Train Loss: 0.9781 | Val Loss: 1.3641
EarlyStopping counter: 1 out of 50
Epoch 281 | Train Loss: 1.0561 | Val Loss: 0.9622
EarlyStopping counter: 2 out of 50
Epoch 282 | Train Loss: 1.0973 | Val Loss: 1.0582
EarlyStopping counter: 3 out of 50
Epoch 283 | Train Loss: 1.0418 | Val Loss: 0.8993
EarlyStopping counter: 4 out of 50
Epoch 284 | Train Loss: 0.8726 | Val Loss: 0.9749
EarlyStopping counter: 5 out of 50
Epoch 285 | Train Loss: 1.0504 | Val Loss: 1.3645
EarlyStopping counter: 6 out of 50
Epoch 286 | Train Loss: 1.0052 | Val Loss: 0.8275
EarlyStopping counter: 7 out of 50
Epoch 287 | Train Loss: 1.0672 | Val Loss: 1.3780
EarlyStopping counter: 8 out of 50
Epoch 288 | Train Loss: 0.9583 | Val Loss: 1.3878
EarlyStopping counter: 9 out of 50
Epoch 289 | Train Loss: 0.9712 | Val Loss: 0.8200
EarlyStopping counter: 10 out of 50
Epoch 290 | Train Loss: 0.9595 | Val Loss: 1.2107
EarlyStopping counter: 11 out of 50
Epoch 291 | Train Loss: 0.9702 | Val Loss: 0.9279
EarlyStopping counter: 12 out of 50
Epoch 292 | Train Loss: 0.9467 | Val Loss: 1.2662
EarlyStopping counter: 13 out of 50
Epoch 293 | Train Loss: 0.9195 | Val Loss: 1.1953
EarlyStopping counter: 14 out of 50
Epoch 294 | Train Loss: 1.0038 | Val Loss: 1.0355
EarlyStopping counter: 15 out of 50
Epoch 295 | Train Loss: 0.9738 | Val Loss: 0.8455
EarlyStopping counter: 16 out of 50
Epoch 296 | Train Loss: 0.8987 | Val Loss: 0.8127
EarlyStopping counter: 17 out of 50
Epoch 297 | Train Loss: 1.0307 | Val Loss: 1.3627
EarlyStopping counter: 18 out of 50
Epoch 298 | Train Loss: 0.9714 | Val Loss: 1.0646
EarlyStopping counter: 19 out of 50
Epoch 299 | Train Loss: 0.9349 | Val Loss: 0.7496
Validation loss decreased (0.769003 --> 0.749550).  Saving model ...
Epoch 300 | Train Loss: 1.0888 | Val Loss: 0.7100
Validation loss decreased (0.749550 --> 0.710014).  Saving model ...
Epoch 301 | Train Loss: 0.9289 | Val Loss: 1.3062
EarlyStopping counter: 1 out of 50
Epoch 302 | Train Loss: 0.9762 | Val Loss: 1.3087
EarlyStopping counter: 2 out of 50
Epoch 303 | Train Loss: 0.9611 | Val Loss: 0.8843
EarlyStopping counter: 3 out of 50
Epoch 304 | Train Loss: 0.8577 | Val Loss: 0.7166
EarlyStopping counter: 4 out of 50
Epoch 305 | Train Loss: 0.8991 | Val Loss: 1.2582
EarlyStopping counter: 5 out of 50
Epoch 306 | Train Loss: 0.8355 | Val Loss: 0.7862
EarlyStopping counter: 6 out of 50
Epoch 307 | Train Loss: 0.9327 | Val Loss: 1.0172
EarlyStopping counter: 7 out of 50
Epoch 308 | Train Loss: 0.8664 | Val Loss: 1.2078
EarlyStopping counter: 8 out of 50
Epoch 309 | Train Loss: 0.8002 | Val Loss: 1.0208
EarlyStopping counter: 9 out of 50
Epoch 310 | Train Loss: 0.8455 | Val Loss: 1.3428
EarlyStopping counter: 10 out of 50
Epoch 311 | Train Loss: 0.9259 | Val Loss: 1.1372
EarlyStopping counter: 11 out of 50
Epoch 312 | Train Loss: 0.7644 | Val Loss: 1.3136
EarlyStopping counter: 12 out of 50
Epoch 313 | Train Loss: 0.9309 | Val Loss: 1.6477
EarlyStopping counter: 13 out of 50
Epoch 314 | Train Loss: 0.8734 | Val Loss: 1.6347
EarlyStopping counter: 14 out of 50
Epoch 315 | Train Loss: 0.9449 | Val Loss: 0.8643
EarlyStopping counter: 15 out of 50
Epoch 316 | Train Loss: 1.0424 | Val Loss: 1.8647
EarlyStopping counter: 16 out of 50
Epoch 317 | Train Loss: 0.9800 | Val Loss: 0.8153
EarlyStopping counter: 17 out of 50
Epoch 318 | Train Loss: 0.8686 | Val Loss: 1.1655
EarlyStopping counter: 18 out of 50
Epoch 319 | Train Loss: 0.9149 | Val Loss: 0.8113
EarlyStopping counter: 19 out of 50
Epoch 320 | Train Loss: 0.8524 | Val Loss: 1.2659
EarlyStopping counter: 20 out of 50
Epoch 321 | Train Loss: 0.8376 | Val Loss: 1.1071
EarlyStopping counter: 21 out of 50
Epoch 322 | Train Loss: 0.8344 | Val Loss: 0.8122
EarlyStopping counter: 22 out of 50
Epoch 323 | Train Loss: 0.9584 | Val Loss: 1.1450
EarlyStopping counter: 23 out of 50
Epoch 324 | Train Loss: 0.9069 | Val Loss: 1.7990
EarlyStopping counter: 24 out of 50
Epoch 325 | Train Loss: 0.9844 | Val Loss: 1.2315
EarlyStopping counter: 25 out of 50
Epoch 326 | Train Loss: 0.9976 | Val Loss: 1.3853
EarlyStopping counter: 26 out of 50
Epoch 327 | Train Loss: 1.0252 | Val Loss: 1.0070
EarlyStopping counter: 27 out of 50
Epoch 328 | Train Loss: 0.8251 | Val Loss: 1.0388
EarlyStopping counter: 28 out of 50
Epoch 329 | Train Loss: 0.9496 | Val Loss: 1.1650
EarlyStopping counter: 29 out of 50
Epoch 330 | Train Loss: 0.9251 | Val Loss: 0.9651
EarlyStopping counter: 30 out of 50
Epoch 331 | Train Loss: 0.9107 | Val Loss: 1.2129
EarlyStopping counter: 31 out of 50
Epoch 332 | Train Loss: 0.9489 | Val Loss: 0.8557
EarlyStopping counter: 32 out of 50
Epoch 333 | Train Loss: 0.8507 | Val Loss: 1.3043
EarlyStopping counter: 33 out of 50
Epoch 334 | Train Loss: 0.8843 | Val Loss: 1.0373
EarlyStopping counter: 34 out of 50
Epoch 335 | Train Loss: 0.8485 | Val Loss: 1.0959
EarlyStopping counter: 35 out of 50
Epoch 336 | Train Loss: 0.8876 | Val Loss: 1.1333
EarlyStopping counter: 36 out of 50
Epoch 337 | Train Loss: 0.7255 | Val Loss: 1.2616
EarlyStopping counter: 37 out of 50
Epoch 338 | Train Loss: 0.8463 | Val Loss: 0.9364
EarlyStopping counter: 38 out of 50
Epoch 339 | Train Loss: 0.8762 | Val Loss: 1.4810
EarlyStopping counter: 39 out of 50
Epoch 340 | Train Loss: 0.9223 | Val Loss: 1.0615
EarlyStopping counter: 40 out of 50
Epoch 341 | Train Loss: 0.9507 | Val Loss: 1.0686
EarlyStopping counter: 41 out of 50
Epoch 342 | Train Loss: 0.7802 | Val Loss: 1.3051
EarlyStopping counter: 42 out of 50
Epoch 343 | Train Loss: 0.7213 | Val Loss: 1.0739
EarlyStopping counter: 43 out of 50
Epoch 344 | Train Loss: 0.7776 | Val Loss: 0.9767
EarlyStopping counter: 44 out of 50
Epoch 345 | Train Loss: 0.8471 | Val Loss: 1.5139
EarlyStopping counter: 45 out of 50
Epoch 346 | Train Loss: 0.8669 | Val Loss: 0.8033
EarlyStopping counter: 46 out of 50
Epoch 347 | Train Loss: 0.7431 | Val Loss: 1.0049
EarlyStopping counter: 47 out of 50
Epoch 348 | Train Loss: 0.7608 | Val Loss: 1.2026
EarlyStopping counter: 48 out of 50
Epoch 349 | Train Loss: 0.8458 | Val Loss: 1.3017
EarlyStopping counter: 49 out of 50
Epoch 350 | Train Loss: 0.7089 | Val Loss: 1.1346
EarlyStopping counter: 50 out of 50
Early stopping triggered. Training stopped.
