nohup: ignoring input
Traceback (most recent call last):
  File "<frozen runpy>", line 198, in _run_module_as_main
  File "<frozen runpy>", line 88, in _run_code
  File "/userhome/cs/u3566665/urban-electricity-load-forecasting/src/train.py", line 21, in <module>
    early_stopping = EarlyStopping(patience=30, verbose=True, save_path="model.pth")
                     ^^^^^^^^^^^^^
NameError: name 'EarlyStopping' is not defined
nohup: ignoring input
Traceback (most recent call last):
  File "<frozen runpy>", line 198, in _run_module_as_main
  File "<frozen runpy>", line 88, in _run_code
  File "/userhome/cs/u3566665/urban-electricity-load-forecasting/src/train.py", line 21, in <module>
    # 1. Pipeline Setup
NameError: name 'EarlyStopping' is not defined
nohup: ignoring input
Scanning directory for 228 homes...
Loaded 228 valid homes.
Scanning directory for 26 homes...
Loaded 26 valid homes.
Traceback (most recent call last):
  File "<frozen runpy>", line 198, in _run_module_as_main
  File "<frozen runpy>", line 88, in _run_code
  File "/userhome/cs/u3566665/urban-electricity-load-forecasting/src/train.py", line 51, in <module>
    scheduler = torch.optim.lr_scheduler.ReduceLROnPlateau(
        optimizer, mode='min', factor=0.5, patience=10, verbose=True
    )
TypeError: ReduceLROnPlateau.__init__() got an unexpected keyword argument 'verbose'
nohup: ignoring input
Scanning directory for 228 homes...
Loaded 228 valid homes.
Scanning directory for 26 homes...
Loaded 26 valid homes.
Epoch 0 | Train Loss: 57.0998 | Val Loss: 29.7360
Validation loss decreased (inf --> 29.736037).  Saving model ...
Epoch 1 | Train Loss: 11.9562 | Val Loss: 5.0513
Validation loss decreased (29.736037 --> 5.051270).  Saving model ...
Epoch 2 | Train Loss: 5.0545 | Val Loss: 4.4339
Validation loss decreased (5.051270 --> 4.433869).  Saving model ...
Epoch 3 | Train Loss: 4.4190 | Val Loss: 4.1161
Validation loss decreased (4.433869 --> 4.116145).  Saving model ...
Epoch 4 | Train Loss: 4.1090 | Val Loss: 3.9507
Validation loss decreased (4.116145 --> 3.950735).  Saving model ...
Epoch 5 | Train Loss: 4.1143 | Val Loss: 3.9131
Validation loss decreased (3.950735 --> 3.913068).  Saving model ...
Epoch 6 | Train Loss: 4.0178 | Val Loss: 3.7641
Validation loss decreased (3.913068 --> 3.764121).  Saving model ...
Epoch 7 | Train Loss: 3.8754 | Val Loss: 3.7665
EarlyStopping counter: 1 out of 30
Epoch 8 | Train Loss: 3.7691 | Val Loss: 3.7432
Validation loss decreased (3.764121 --> 3.743176).  Saving model ...
Epoch 9 | Train Loss: 3.9538 | Val Loss: 3.7358
Validation loss decreased (3.743176 --> 3.735848).  Saving model ...
Epoch 10 | Train Loss: 3.7305 | Val Loss: 3.6456
Validation loss decreased (3.735848 --> 3.645570).  Saving model ...
Epoch 11 | Train Loss: 3.7000 | Val Loss: 3.6533
EarlyStopping counter: 1 out of 30
Epoch 12 | Train Loss: 3.5930 | Val Loss: 3.5769
Validation loss decreased (3.645570 --> 3.576937).  Saving model ...
Epoch 13 | Train Loss: 3.5938 | Val Loss: 3.5827
EarlyStopping counter: 1 out of 30
Epoch 14 | Train Loss: 3.6060 | Val Loss: 3.5300
Validation loss decreased (3.576937 --> 3.530039).  Saving model ...
Epoch 15 | Train Loss: 3.4845 | Val Loss: 3.5245
Validation loss decreased (3.530039 --> 3.524523).  Saving model ...
Epoch 16 | Train Loss: 3.5168 | Val Loss: 3.3846
Validation loss decreased (3.524523 --> 3.384589).  Saving model ...
Epoch 17 | Train Loss: 3.5436 | Val Loss: 3.3870
EarlyStopping counter: 1 out of 30
Epoch 18 | Train Loss: 3.4173 | Val Loss: 3.4264
EarlyStopping counter: 2 out of 30
Epoch 19 | Train Loss: 3.4200 | Val Loss: 3.3298
Validation loss decreased (3.384589 --> 3.329803).  Saving model ...
Epoch 20 | Train Loss: 3.1878 | Val Loss: 3.2866
Validation loss decreased (3.329803 --> 3.286575).  Saving model ...
Epoch 21 | Train Loss: 3.2846 | Val Loss: 3.4024
EarlyStopping counter: 1 out of 30
Epoch 22 | Train Loss: 3.0995 | Val Loss: 3.3639
EarlyStopping counter: 2 out of 30
Epoch 23 | Train Loss: 3.0714 | Val Loss: 3.2916
EarlyStopping counter: 3 out of 30
Epoch 24 | Train Loss: 3.3942 | Val Loss: 3.3588
EarlyStopping counter: 4 out of 30
Epoch 25 | Train Loss: 3.4330 | Val Loss: 3.2825
Validation loss decreased (3.286575 --> 3.282548).  Saving model ...
Epoch 26 | Train Loss: 3.1772 | Val Loss: 3.2330
Validation loss decreased (3.282548 --> 3.232969).  Saving model ...
Epoch 27 | Train Loss: 3.3679 | Val Loss: 3.2634
EarlyStopping counter: 1 out of 30
Epoch 28 | Train Loss: 3.1800 | Val Loss: 3.2579
EarlyStopping counter: 2 out of 30
Epoch 29 | Train Loss: 2.9894 | Val Loss: 3.2916
EarlyStopping counter: 3 out of 30
Epoch 30 | Train Loss: 3.1966 | Val Loss: 3.1934
Validation loss decreased (3.232969 --> 3.193441).  Saving model ...
Epoch 31 | Train Loss: 3.2415 | Val Loss: 3.3095
EarlyStopping counter: 1 out of 30
Epoch 32 | Train Loss: 3.2594 | Val Loss: 3.1950
EarlyStopping counter: 2 out of 30
Epoch 33 | Train Loss: 3.1345 | Val Loss: 3.2204
EarlyStopping counter: 3 out of 30
Epoch 34 | Train Loss: 2.9801 | Val Loss: 3.2525
EarlyStopping counter: 4 out of 30
Epoch 35 | Train Loss: 3.0919 | Val Loss: 3.1661
Validation loss decreased (3.193441 --> 3.166118).  Saving model ...
Epoch 36 | Train Loss: 3.1359 | Val Loss: 3.1538
Validation loss decreased (3.166118 --> 3.153774).  Saving model ...
Epoch 37 | Train Loss: 3.0244 | Val Loss: 3.2473
EarlyStopping counter: 1 out of 30
Epoch 38 | Train Loss: 3.2811 | Val Loss: 3.2005
EarlyStopping counter: 2 out of 30
Epoch 39 | Train Loss: 3.3557 | Val Loss: 3.2160
EarlyStopping counter: 3 out of 30
Epoch 40 | Train Loss: 3.2101 | Val Loss: 3.1340
Validation loss decreased (3.153774 --> 3.134026).  Saving model ...
Epoch 41 | Train Loss: 3.1216 | Val Loss: 3.2320
EarlyStopping counter: 1 out of 30
Epoch 42 | Train Loss: 3.1905 | Val Loss: 3.1461
EarlyStopping counter: 2 out of 30
Epoch 43 | Train Loss: 2.9983 | Val Loss: 3.0915
Validation loss decreased (3.134026 --> 3.091518).  Saving model ...
Epoch 44 | Train Loss: 3.1832 | Val Loss: 3.1409
EarlyStopping counter: 1 out of 30
Epoch 45 | Train Loss: 3.1760 | Val Loss: 3.0485
Validation loss decreased (3.091518 --> 3.048457).  Saving model ...
Epoch 46 | Train Loss: 2.9984 | Val Loss: 3.0971
EarlyStopping counter: 1 out of 30
Epoch 47 | Train Loss: 3.1090 | Val Loss: 3.1019
EarlyStopping counter: 2 out of 30
Epoch 48 | Train Loss: 3.1548 | Val Loss: 3.2058
EarlyStopping counter: 3 out of 30
Epoch 49 | Train Loss: 2.9646 | Val Loss: 3.2017
EarlyStopping counter: 4 out of 30
Epoch 50 | Train Loss: 3.0486 | Val Loss: 3.0728
EarlyStopping counter: 5 out of 30
Epoch 51 | Train Loss: 3.0246 | Val Loss: 3.1746
EarlyStopping counter: 6 out of 30
Epoch 52 | Train Loss: 3.0943 | Val Loss: 3.0366
Validation loss decreased (3.048457 --> 3.036606).  Saving model ...
Epoch 53 | Train Loss: 3.0551 | Val Loss: 2.9960
Validation loss decreased (3.036606 --> 2.995957).  Saving model ...
Epoch 54 | Train Loss: 3.0125 | Val Loss: 3.1019
EarlyStopping counter: 1 out of 30
Epoch 55 | Train Loss: 2.8550 | Val Loss: 3.0683
EarlyStopping counter: 2 out of 30
Epoch 56 | Train Loss: 3.0533 | Val Loss: 2.9967
EarlyStopping counter: 3 out of 30
Epoch 57 | Train Loss: 2.9778 | Val Loss: 3.0263
EarlyStopping counter: 4 out of 30
Epoch 58 | Train Loss: 2.9004 | Val Loss: 3.0426
EarlyStopping counter: 5 out of 30
Epoch 59 | Train Loss: 2.9529 | Val Loss: 3.0912
EarlyStopping counter: 6 out of 30
Epoch 60 | Train Loss: 2.9819 | Val Loss: 3.1398
EarlyStopping counter: 7 out of 30
Epoch 61 | Train Loss: 2.9198 | Val Loss: 2.9151
Validation loss decreased (2.995957 --> 2.915073).  Saving model ...
Epoch 62 | Train Loss: 3.0223 | Val Loss: 2.9367
EarlyStopping counter: 1 out of 30
Epoch 63 | Train Loss: 3.0461 | Val Loss: 2.9930
EarlyStopping counter: 2 out of 30
Epoch 64 | Train Loss: 2.8337 | Val Loss: 2.8974
Validation loss decreased (2.915073 --> 2.897420).  Saving model ...
Epoch 65 | Train Loss: 2.8430 | Val Loss: 2.8872
Validation loss decreased (2.897420 --> 2.887166).  Saving model ...
Epoch 66 | Train Loss: 2.9734 | Val Loss: 2.9798
EarlyStopping counter: 1 out of 30
Epoch 67 | Train Loss: 2.8164 | Val Loss: 2.9808
EarlyStopping counter: 2 out of 30
Epoch 68 | Train Loss: 2.8630 | Val Loss: 2.9389
EarlyStopping counter: 3 out of 30
Epoch 69 | Train Loss: 2.8767 | Val Loss: 2.9392
EarlyStopping counter: 4 out of 30
Epoch 70 | Train Loss: 2.7528 | Val Loss: 2.8312
Validation loss decreased (2.887166 --> 2.831214).  Saving model ...
Epoch 71 | Train Loss: 2.8943 | Val Loss: 2.7850
Validation loss decreased (2.831214 --> 2.784996).  Saving model ...
Epoch 72 | Train Loss: 2.8253 | Val Loss: 2.9414
EarlyStopping counter: 1 out of 30
Epoch 73 | Train Loss: 2.8329 | Val Loss: 2.7961
EarlyStopping counter: 2 out of 30
Epoch 74 | Train Loss: 2.8071 | Val Loss: 2.8870
EarlyStopping counter: 3 out of 30
Epoch 75 | Train Loss: 2.8805 | Val Loss: 2.7995
EarlyStopping counter: 4 out of 30
Epoch 76 | Train Loss: 2.5001 | Val Loss: 2.7353
Validation loss decreased (2.784996 --> 2.735281).  Saving model ...
Epoch 77 | Train Loss: 2.8391 | Val Loss: 2.8255
EarlyStopping counter: 1 out of 30
Epoch 78 | Train Loss: 2.7462 | Val Loss: 2.8180
EarlyStopping counter: 2 out of 30
Epoch 79 | Train Loss: 2.8319 | Val Loss: 2.8738
EarlyStopping counter: 3 out of 30
Epoch 80 | Train Loss: 2.6072 | Val Loss: 2.7627
EarlyStopping counter: 4 out of 30
Epoch 81 | Train Loss: 2.7045 | Val Loss: 2.8371
EarlyStopping counter: 5 out of 30
Epoch 82 | Train Loss: 2.7015 | Val Loss: 2.8025
EarlyStopping counter: 6 out of 30
Epoch 83 | Train Loss: 2.7028 | Val Loss: 2.7014
Validation loss decreased (2.735281 --> 2.701441).  Saving model ...
Epoch 84 | Train Loss: 2.6996 | Val Loss: 2.7238
EarlyStopping counter: 1 out of 30
Epoch 85 | Train Loss: 2.6699 | Val Loss: 2.6693
Validation loss decreased (2.701441 --> 2.669335).  Saving model ...
Epoch 86 | Train Loss: 2.5917 | Val Loss: 2.6717
EarlyStopping counter: 1 out of 30
Epoch 87 | Train Loss: 2.5830 | Val Loss: 2.7205
EarlyStopping counter: 2 out of 30
Epoch 88 | Train Loss: 2.4590 | Val Loss: 2.6535
Validation loss decreased (2.669335 --> 2.653475).  Saving model ...
Epoch 89 | Train Loss: 2.6625 | Val Loss: 2.7022
EarlyStopping counter: 1 out of 30
Epoch 90 | Train Loss: 2.6740 | Val Loss: 2.7793
EarlyStopping counter: 2 out of 30
Epoch 91 | Train Loss: 2.7594 | Val Loss: 2.6656
EarlyStopping counter: 3 out of 30
Epoch 92 | Train Loss: 2.7268 | Val Loss: 2.6214
Validation loss decreased (2.653475 --> 2.621377).  Saving model ...
Epoch 93 | Train Loss: 2.6023 | Val Loss: 2.6362
EarlyStopping counter: 1 out of 30
Epoch 94 | Train Loss: 2.4077 | Val Loss: 2.5743
Validation loss decreased (2.621377 --> 2.574294).  Saving model ...
Epoch 95 | Train Loss: 2.7047 | Val Loss: 2.6671
EarlyStopping counter: 1 out of 30
Epoch 96 | Train Loss: 2.6296 | Val Loss: 2.6728
EarlyStopping counter: 2 out of 30
Epoch 97 | Train Loss: 2.6972 | Val Loss: 2.5233
Validation loss decreased (2.574294 --> 2.523290).  Saving model ...
Epoch 98 | Train Loss: 2.5299 | Val Loss: 2.5343
EarlyStopping counter: 1 out of 30
Epoch 99 | Train Loss: 2.5788 | Val Loss: 2.6249
EarlyStopping counter: 2 out of 30
Epoch 100 | Train Loss: 2.5547 | Val Loss: 2.4777
Validation loss decreased (2.523290 --> 2.477704).  Saving model ...
Epoch 101 | Train Loss: 2.6641 | Val Loss: 2.5594
EarlyStopping counter: 1 out of 30
Epoch 102 | Train Loss: 2.6335 | Val Loss: 2.4414
Validation loss decreased (2.477704 --> 2.441387).  Saving model ...
Epoch 103 | Train Loss: 2.4216 | Val Loss: 2.4167
Validation loss decreased (2.441387 --> 2.416737).  Saving model ...
Epoch 104 | Train Loss: 2.4002 | Val Loss: 2.4879
EarlyStopping counter: 1 out of 30
Epoch 105 | Train Loss: 2.3979 | Val Loss: 2.4441
EarlyStopping counter: 2 out of 30
Epoch 106 | Train Loss: 2.0430 | Val Loss: 2.3809
Validation loss decreased (2.416737 --> 2.380872).  Saving model ...
Epoch 107 | Train Loss: 2.2682 | Val Loss: 2.4206
EarlyStopping counter: 1 out of 30
Epoch 108 | Train Loss: 2.3224 | Val Loss: 2.4048
EarlyStopping counter: 2 out of 30
Epoch 109 | Train Loss: 2.4740 | Val Loss: 2.4014
EarlyStopping counter: 3 out of 30
Epoch 110 | Train Loss: 2.3151 | Val Loss: 2.3102
Validation loss decreased (2.380872 --> 2.310155).  Saving model ...
Epoch 111 | Train Loss: 2.3695 | Val Loss: 2.3104
EarlyStopping counter: 1 out of 30
Epoch 112 | Train Loss: 2.2501 | Val Loss: 2.2271
Validation loss decreased (2.310155 --> 2.227143).  Saving model ...
Epoch 113 | Train Loss: 2.3113 | Val Loss: 2.2902
EarlyStopping counter: 1 out of 30
Epoch 114 | Train Loss: 2.2592 | Val Loss: 2.1573
Validation loss decreased (2.227143 --> 2.157289).  Saving model ...
Epoch 115 | Train Loss: 2.2483 | Val Loss: 2.2214
EarlyStopping counter: 1 out of 30
Epoch 116 | Train Loss: 2.3492 | Val Loss: 2.1178
Validation loss decreased (2.157289 --> 2.117759).  Saving model ...
Epoch 117 | Train Loss: 2.2612 | Val Loss: 2.2107
EarlyStopping counter: 1 out of 30
Epoch 118 | Train Loss: 2.2358 | Val Loss: 2.1293
EarlyStopping counter: 2 out of 30
Epoch 119 | Train Loss: 2.1129 | Val Loss: 2.1618
EarlyStopping counter: 3 out of 30
Epoch 120 | Train Loss: 2.0882 | Val Loss: 2.1754
EarlyStopping counter: 4 out of 30
Epoch 121 | Train Loss: 2.1967 | Val Loss: 2.1102
Validation loss decreased (2.117759 --> 2.110178).  Saving model ...
Epoch 122 | Train Loss: 2.1255 | Val Loss: 2.1045
Validation loss decreased (2.110178 --> 2.104453).  Saving model ...
Epoch 123 | Train Loss: 1.9760 | Val Loss: 2.0762
Validation loss decreased (2.104453 --> 2.076235).  Saving model ...
Epoch 124 | Train Loss: 2.0296 | Val Loss: 2.0890
EarlyStopping counter: 1 out of 30
Epoch 125 | Train Loss: 1.9601 | Val Loss: 1.9966
Validation loss decreased (2.076235 --> 1.996621).  Saving model ...
Epoch 126 | Train Loss: 2.0080 | Val Loss: 1.9940
Validation loss decreased (1.996621 --> 1.994016).  Saving model ...
Epoch 127 | Train Loss: 1.9442 | Val Loss: 1.9368
Validation loss decreased (1.994016 --> 1.936781).  Saving model ...
Epoch 128 | Train Loss: 2.0033 | Val Loss: 1.9395
EarlyStopping counter: 1 out of 30
Epoch 129 | Train Loss: 1.9615 | Val Loss: 1.9240
Validation loss decreased (1.936781 --> 1.924030).  Saving model ...
Epoch 130 | Train Loss: 1.8955 | Val Loss: 1.9025
Validation loss decreased (1.924030 --> 1.902545).  Saving model ...
Epoch 131 | Train Loss: 1.8728 | Val Loss: 1.8601
Validation loss decreased (1.902545 --> 1.860099).  Saving model ...
Epoch 132 | Train Loss: 1.7723 | Val Loss: 1.8921
EarlyStopping counter: 1 out of 30
Epoch 133 | Train Loss: 1.6695 | Val Loss: 1.7900
Validation loss decreased (1.860099 --> 1.790020).  Saving model ...
Epoch 134 | Train Loss: 1.7373 | Val Loss: 1.7970
EarlyStopping counter: 1 out of 30
Epoch 135 | Train Loss: 1.7682 | Val Loss: 1.8182
EarlyStopping counter: 2 out of 30
Epoch 136 | Train Loss: 1.9390 | Val Loss: 1.8178
EarlyStopping counter: 3 out of 30
Epoch 137 | Train Loss: 1.7900 | Val Loss: 1.7229
Validation loss decreased (1.790020 --> 1.722905).  Saving model ...
Epoch 138 | Train Loss: 1.8442 | Val Loss: 1.7764
EarlyStopping counter: 1 out of 30
Epoch 139 | Train Loss: 1.8135 | Val Loss: 1.6804
Validation loss decreased (1.722905 --> 1.680439).  Saving model ...
Epoch 140 | Train Loss: 1.8137 | Val Loss: 1.6691
Validation loss decreased (1.680439 --> 1.669053).  Saving model ...
Epoch 141 | Train Loss: 1.6770 | Val Loss: 1.6528
Validation loss decreased (1.669053 --> 1.652801).  Saving model ...
Epoch 142 | Train Loss: 1.7317 | Val Loss: 1.7460
EarlyStopping counter: 1 out of 30
Epoch 143 | Train Loss: 1.7873 | Val Loss: 1.6382
Validation loss decreased (1.652801 --> 1.638248).  Saving model ...
Epoch 144 | Train Loss: 1.6820 | Val Loss: 1.5755
Validation loss decreased (1.638248 --> 1.575517).  Saving model ...
Epoch 145 | Train Loss: 1.5504 | Val Loss: 1.5777
EarlyStopping counter: 1 out of 30
Epoch 146 | Train Loss: 1.7301 | Val Loss: 1.6860
EarlyStopping counter: 2 out of 30
Epoch 147 | Train Loss: 1.6350 | Val Loss: 1.6060
EarlyStopping counter: 3 out of 30
Epoch 148 | Train Loss: 1.3960 | Val Loss: 1.5628
Validation loss decreased (1.575517 --> 1.562765).  Saving model ...
Epoch 149 | Train Loss: 1.6518 | Val Loss: 1.5159
Validation loss decreased (1.562765 --> 1.515852).  Saving model ...
Epoch 150 | Train Loss: 1.5070 | Val Loss: 1.5162
EarlyStopping counter: 1 out of 30
Epoch 151 | Train Loss: 1.4049 | Val Loss: 1.5121
Validation loss decreased (1.515852 --> 1.512122).  Saving model ...
Epoch 152 | Train Loss: 1.5621 | Val Loss: 1.3897
Validation loss decreased (1.512122 --> 1.389736).  Saving model ...
Epoch 153 | Train Loss: 1.5525 | Val Loss: 1.4806
EarlyStopping counter: 1 out of 30
Epoch 154 | Train Loss: 1.4896 | Val Loss: 1.4092
EarlyStopping counter: 2 out of 30
Epoch 155 | Train Loss: 1.4196 | Val Loss: 1.4555
EarlyStopping counter: 3 out of 30
Epoch 156 | Train Loss: 1.4019 | Val Loss: 1.4069
EarlyStopping counter: 4 out of 30
Epoch 157 | Train Loss: 1.4081 | Val Loss: 1.3837
Validation loss decreased (1.389736 --> 1.383723).  Saving model ...
Epoch 158 | Train Loss: 1.4844 | Val Loss: 1.2954
Validation loss decreased (1.383723 --> 1.295397).  Saving model ...
Epoch 159 | Train Loss: 1.3016 | Val Loss: 1.3872
EarlyStopping counter: 1 out of 30
Epoch 160 | Train Loss: 1.3821 | Val Loss: 1.3215
EarlyStopping counter: 2 out of 30
Epoch 161 | Train Loss: 1.2042 | Val Loss: 1.2195
Validation loss decreased (1.295397 --> 1.219537).  Saving model ...
Epoch 162 | Train Loss: 1.3510 | Val Loss: 1.2707
EarlyStopping counter: 1 out of 30
Epoch 163 | Train Loss: 1.2608 | Val Loss: 1.3208
EarlyStopping counter: 2 out of 30
Epoch 164 | Train Loss: 1.2960 | Val Loss: 1.1968
Validation loss decreased (1.219537 --> 1.196754).  Saving model ...
Epoch 165 | Train Loss: 1.2380 | Val Loss: 1.4018
EarlyStopping counter: 1 out of 30
Epoch 166 | Train Loss: 1.2702 | Val Loss: 1.0928
Validation loss decreased (1.196754 --> 1.092764).  Saving model ...
Epoch 167 | Train Loss: 1.2821 | Val Loss: 1.4633
EarlyStopping counter: 1 out of 30
Epoch 168 | Train Loss: 1.3270 | Val Loss: 1.2720
EarlyStopping counter: 2 out of 30
Epoch 169 | Train Loss: 1.1910 | Val Loss: 1.2144
EarlyStopping counter: 3 out of 30
Epoch 170 | Train Loss: 1.2225 | Val Loss: 1.2668
EarlyStopping counter: 4 out of 30
Epoch 171 | Train Loss: 1.2949 | Val Loss: 1.1721
EarlyStopping counter: 5 out of 30
Epoch 172 | Train Loss: 1.2966 | Val Loss: 1.2914
EarlyStopping counter: 6 out of 30
Epoch 173 | Train Loss: 1.2305 | Val Loss: 1.3261
EarlyStopping counter: 7 out of 30
Epoch 174 | Train Loss: 1.2478 | Val Loss: 1.3388
EarlyStopping counter: 8 out of 30
Epoch 175 | Train Loss: 1.3060 | Val Loss: 1.2365
EarlyStopping counter: 9 out of 30
Epoch 176 | Train Loss: 1.1350 | Val Loss: 1.1550
EarlyStopping counter: 10 out of 30
Epoch 177 | Train Loss: 1.2104 | Val Loss: 1.0092
Validation loss decreased (1.092764 --> 1.009169).  Saving model ...
Epoch 178 | Train Loss: 1.1814 | Val Loss: 1.1715
EarlyStopping counter: 1 out of 30
Epoch 179 | Train Loss: 1.1173 | Val Loss: 1.1239
EarlyStopping counter: 2 out of 30
Epoch 180 | Train Loss: 1.1895 | Val Loss: 0.9748
Validation loss decreased (1.009169 --> 0.974789).  Saving model ...
Epoch 181 | Train Loss: 1.3956 | Val Loss: 1.3613
EarlyStopping counter: 1 out of 30
Epoch 182 | Train Loss: 1.1593 | Val Loss: 1.1984
EarlyStopping counter: 2 out of 30
Epoch 183 | Train Loss: 1.1757 | Val Loss: 1.1799
EarlyStopping counter: 3 out of 30
Epoch 184 | Train Loss: 1.2632 | Val Loss: 1.0382
EarlyStopping counter: 4 out of 30
Epoch 185 | Train Loss: 1.1712 | Val Loss: 1.0903
EarlyStopping counter: 5 out of 30
Epoch 186 | Train Loss: 1.0687 | Val Loss: 1.0119
EarlyStopping counter: 6 out of 30
Epoch 187 | Train Loss: 1.2602 | Val Loss: 1.1380
EarlyStopping counter: 7 out of 30
Epoch 188 | Train Loss: 1.1359 | Val Loss: 1.2094
EarlyStopping counter: 8 out of 30
Epoch 189 | Train Loss: 1.1583 | Val Loss: 1.0713
EarlyStopping counter: 9 out of 30
Epoch 190 | Train Loss: 1.2697 | Val Loss: 1.1549
EarlyStopping counter: 10 out of 30
Epoch 191 | Train Loss: 1.2753 | Val Loss: 1.4747
EarlyStopping counter: 11 out of 30
Epoch 192 | Train Loss: 1.1300 | Val Loss: 1.0992
EarlyStopping counter: 12 out of 30
Epoch 193 | Train Loss: 1.0540 | Val Loss: 1.0874
EarlyStopping counter: 13 out of 30
Epoch 194 | Train Loss: 0.9378 | Val Loss: 0.9750
EarlyStopping counter: 14 out of 30
Epoch 195 | Train Loss: 1.0085 | Val Loss: 1.0724
EarlyStopping counter: 15 out of 30
Epoch 196 | Train Loss: 1.1693 | Val Loss: 1.0790
EarlyStopping counter: 16 out of 30
Epoch 197 | Train Loss: 1.0581 | Val Loss: 0.9809
EarlyStopping counter: 17 out of 30
Epoch 198 | Train Loss: 1.1022 | Val Loss: 0.9922
EarlyStopping counter: 18 out of 30
Epoch 199 | Train Loss: 1.0081 | Val Loss: 1.0740
EarlyStopping counter: 19 out of 30
Epoch 200 | Train Loss: 0.9872 | Val Loss: 0.8914
Validation loss decreased (0.974789 --> 0.891355).  Saving model ...
Epoch 201 | Train Loss: 1.1204 | Val Loss: 1.1366
EarlyStopping counter: 1 out of 30
Epoch 202 | Train Loss: 1.1076 | Val Loss: 0.9704
EarlyStopping counter: 2 out of 30
Epoch 203 | Train Loss: 1.1348 | Val Loss: 1.0682
EarlyStopping counter: 3 out of 30
Epoch 204 | Train Loss: 1.0330 | Val Loss: 0.9229
EarlyStopping counter: 4 out of 30
Epoch 205 | Train Loss: 1.1352 | Val Loss: 1.1263
EarlyStopping counter: 5 out of 30
Epoch 206 | Train Loss: 1.1700 | Val Loss: 0.9534
EarlyStopping counter: 6 out of 30
Epoch 207 | Train Loss: 1.1595 | Val Loss: 1.2784
EarlyStopping counter: 7 out of 30
Epoch 208 | Train Loss: 1.1500 | Val Loss: 0.9967
EarlyStopping counter: 8 out of 30
Epoch 209 | Train Loss: 0.9641 | Val Loss: 1.0509
EarlyStopping counter: 9 out of 30
Epoch 210 | Train Loss: 1.0317 | Val Loss: 1.1036
EarlyStopping counter: 10 out of 30
Epoch 211 | Train Loss: 1.0545 | Val Loss: 0.9331
EarlyStopping counter: 11 out of 30
Epoch 212 | Train Loss: 1.1340 | Val Loss: 1.2584
EarlyStopping counter: 12 out of 30
Epoch 213 | Train Loss: 0.9084 | Val Loss: 0.8861
Validation loss decreased (0.891355 --> 0.886051).  Saving model ...
Epoch 214 | Train Loss: 1.0616 | Val Loss: 1.1191
EarlyStopping counter: 1 out of 30
Epoch 215 | Train Loss: 1.0792 | Val Loss: 0.8827
Validation loss decreased (0.886051 --> 0.882694).  Saving model ...
Epoch 216 | Train Loss: 1.0899 | Val Loss: 1.0557
EarlyStopping counter: 1 out of 30
Epoch 217 | Train Loss: 1.0959 | Val Loss: 0.9963
EarlyStopping counter: 2 out of 30
Epoch 218 | Train Loss: 1.0639 | Val Loss: 1.2271
EarlyStopping counter: 3 out of 30
Epoch 219 | Train Loss: 1.0434 | Val Loss: 1.0383
EarlyStopping counter: 4 out of 30
Epoch 220 | Train Loss: 1.0546 | Val Loss: 1.0309
EarlyStopping counter: 5 out of 30
Epoch 221 | Train Loss: 0.9897 | Val Loss: 1.0238
EarlyStopping counter: 6 out of 30
Epoch 222 | Train Loss: 1.2877 | Val Loss: 0.9259
EarlyStopping counter: 7 out of 30
Epoch 223 | Train Loss: 1.0635 | Val Loss: 1.1126
EarlyStopping counter: 8 out of 30
Epoch 224 | Train Loss: 1.0629 | Val Loss: 0.9746
EarlyStopping counter: 9 out of 30
Epoch 225 | Train Loss: 1.0632 | Val Loss: 1.1511
EarlyStopping counter: 10 out of 30
Epoch 226 | Train Loss: 0.9638 | Val Loss: 0.9915
EarlyStopping counter: 11 out of 30
Epoch 227 | Train Loss: 1.0181 | Val Loss: 0.8894
EarlyStopping counter: 12 out of 30
Epoch 228 | Train Loss: 1.0081 | Val Loss: 0.8850
EarlyStopping counter: 13 out of 30
Epoch 229 | Train Loss: 0.9304 | Val Loss: 1.1137
EarlyStopping counter: 14 out of 30
Epoch 230 | Train Loss: 0.8884 | Val Loss: 1.0365
EarlyStopping counter: 15 out of 30
Epoch 231 | Train Loss: 0.9603 | Val Loss: 1.1891
EarlyStopping counter: 16 out of 30
Epoch 232 | Train Loss: 1.0697 | Val Loss: 0.9953
EarlyStopping counter: 17 out of 30
Epoch 233 | Train Loss: 0.9913 | Val Loss: 0.9708
EarlyStopping counter: 18 out of 30
Epoch 234 | Train Loss: 1.0117 | Val Loss: 1.1886
EarlyStopping counter: 19 out of 30
Epoch 235 | Train Loss: 1.0306 | Val Loss: 0.8909
EarlyStopping counter: 20 out of 30
Epoch 236 | Train Loss: 1.0516 | Val Loss: 1.0686
EarlyStopping counter: 21 out of 30
Epoch 237 | Train Loss: 0.9812 | Val Loss: 1.1009
EarlyStopping counter: 22 out of 30
Epoch 238 | Train Loss: 1.1424 | Val Loss: 1.1267
EarlyStopping counter: 23 out of 30
Epoch 239 | Train Loss: 0.9030 | Val Loss: 1.0021
EarlyStopping counter: 24 out of 30
Epoch 240 | Train Loss: 0.8721 | Val Loss: 1.0064
EarlyStopping counter: 25 out of 30
Epoch 241 | Train Loss: 1.1099 | Val Loss: 1.0339
EarlyStopping counter: 26 out of 30
Epoch 242 | Train Loss: 1.0295 | Val Loss: 1.0862
EarlyStopping counter: 27 out of 30
Epoch 243 | Train Loss: 0.8655 | Val Loss: 0.9447
EarlyStopping counter: 28 out of 30
Epoch 244 | Train Loss: 1.0224 | Val Loss: 0.9514
EarlyStopping counter: 29 out of 30
Epoch 245 | Train Loss: 1.0317 | Val Loss: 1.0349
EarlyStopping counter: 30 out of 30
Early stopping triggered. Training stopped.
