Scanning directory for 228 homes...
Home 335: Skipped (Data too short: 88403 vs 121200)
Home 331: Skipped (Data too short: 88403 vs 121200)
Home 333: Skipped (Data too short: 88403 vs 121200)
Home 332: Skipped (Data too short: 88403 vs 121200)
Home 334: Skipped (Data too short: 88403 vs 121200)
Loaded 223 valid homes.
Scanning directory for 26 homes...
Home 330: Skipped (Data too short: 88403 vs 121200)
Loaded 25 valid homes.
1. Train + Interpret
2. Interpret 
Type 1 or 2:
Epoch 0 | Train Loss: 0.0000 | Val Loss: 35.5079
Validation loss decreased (inf --> 35.507900).  Saving model ...
Epoch 1 | Train Loss: 0.0000 | Val Loss: 39.6292
EarlyStopping counter: 1 out of 10
Epoch 2 | Train Loss: 0.0000 | Val Loss: 39.0731
EarlyStopping counter: 2 out of 10
Epoch 3 | Train Loss: 0.0000 | Val Loss: 36.9698
EarlyStopping counter: 3 out of 10
Epoch 4 | Train Loss: 0.0000 | Val Loss: 42.2836
EarlyStopping counter: 4 out of 10
Epoch 5 | Train Loss: 0.0000 | Val Loss: 41.1302
EarlyStopping counter: 5 out of 10
Epoch 6 | Train Loss: 0.0000 | Val Loss: 39.2762
EarlyStopping counter: 6 out of 10
Epoch 7 | Train Loss: 0.0000 | Val Loss: 39.6201
EarlyStopping counter: 7 out of 10
Epoch 8 | Train Loss: 0.0000 | Val Loss: 36.5741
EarlyStopping counter: 8 out of 10
Epoch 9 | Train Loss: 0.0000 | Val Loss: 39.3578
EarlyStopping counter: 9 out of 10
Epoch 10 | Train Loss: 0.0000 | Val Loss: 39.0818
EarlyStopping counter: 10 out of 10
Early stopping triggered. Training stopped.
